Sun Oct 31 18:47:47 2021       
+-----------------------------------------------------------------------------+
| NVIDIA-SMI 470.57.02    Driver Version: 470.57.02    CUDA Version: 11.4     |
|-------------------------------+----------------------+----------------------+
| GPU  Name        Persistence-M| Bus-Id        Disp.A | Volatile Uncorr. ECC |
| Fan  Temp  Perf  Pwr:Usage/Cap|         Memory-Usage | GPU-Util  Compute M. |
|                               |                      |               MIG M. |
|===============================+======================+======================|
|   0  Tesla V100-SXM2...  On   | 00000000:AF:00.0 Off |                    0 |
| N/A   37C    P0    42W / 300W |      0MiB / 32510MiB |      0%      Default |
|                               |                      |                  N/A |
+-------------------------------+----------------------+----------------------+
                                                                               
+-----------------------------------------------------------------------------+
| Processes:                                                                  |
|  GPU   GI   CI        PID   Type   Process name                  GPU Memory |
|        ID   ID                                                   Usage      |
|=============================================================================|
|  No running processes found                                                 |
+-----------------------------------------------------------------------------+
Master address: localhost
Master port: 1234
Number of nodes: 1
Number of GPUs per node: 1
Node rank: 0
Workspace: /project/def-karray/yafathi/MINE/
Dataset: kitti_raw
Version: debug
Extra config: {"training.gpus": "0"}
default params: ./configs/params_kitti_raw.yaml
slurmstepd: error: *** JOB 18132076 ON cdr2468 CANCELLED AT 2021-10-31T18:48:48 DUE TO TIME LIMIT ***
