Mon Nov  1 08:20:41 2021       
+-----------------------------------------------------------------------------+
| NVIDIA-SMI 470.57.02    Driver Version: 470.57.02    CUDA Version: 11.4     |
|-------------------------------+----------------------+----------------------+
| GPU  Name        Persistence-M| Bus-Id        Disp.A | Volatile Uncorr. ECC |
| Fan  Temp  Perf  Pwr:Usage/Cap|         Memory-Usage | GPU-Util  Compute M. |
|                               |                      |               MIG M. |
|===============================+======================+======================|
|   0  Tesla V100-SXM2...  On   | 00000000:AF:00.0 Off |                    0 |
| N/A   38C    P0    54W / 300W |  32432MiB / 32510MiB |      0%      Default |
|                               |                      |                  N/A |
+-------------------------------+----------------------+----------------------+
                                                                               
+-----------------------------------------------------------------------------+
| Processes:                                                                  |
|  GPU   GI   CI        PID   Type   Process name                  GPU Memory |
|        ID   ID                                                   Usage      |
|=============================================================================|
+-----------------------------------------------------------------------------+
Master address: localhost
Master port: 1234
Number of nodes: 1
Number of GPUs per node: 1
Node rank: 0
Workspace: /project/def-karray/yafathi/MINE/
Dataset: kitti_raw
Version: debug
Extra config: {"training.gpus": "0"}
default params: ./configs/params_kitti_raw.yaml
Dumping extra config file...
Traceback (most recent call last):
  File "train.py", line 181, in <module>
    main()
  File "train.py", line 174, in main
    dist.barrier()
  File "/project/6006191/yafathi/MINE_ENV/lib/python3.8/site-packages/torch/distributed/distributed_c10d.py", line 2420, in barrier
    work = default_pg.barrier(opts=opts)
RuntimeError: CUDA error: out of memory
Traceback (most recent call last):
  File "/cvmfs/soft.computecanada.ca/easybuild/software/2020/avx2/Core/python/3.8.10/lib/python3.8/runpy.py", line 194, in _run_module_as_main
    return _run_code(code, main_globals, None,
  File "/cvmfs/soft.computecanada.ca/easybuild/software/2020/avx2/Core/python/3.8.10/lib/python3.8/runpy.py", line 87, in _run_code
    exec(code, run_globals)
  File "/project/6006191/yafathi/MINE_ENV/lib/python3.8/site-packages/torch/distributed/launch.py", line 340, in <module>
    main()
  File "/project/6006191/yafathi/MINE_ENV/lib/python3.8/site-packages/torch/distributed/launch.py", line 326, in main
    sigkill_handler(signal.SIGTERM, None)  # not coming back
  File "/project/6006191/yafathi/MINE_ENV/lib/python3.8/site-packages/torch/distributed/launch.py", line 301, in sigkill_handler
    raise subprocess.CalledProcessError(returncode=last_return_code, cmd=cmd)
subprocess.CalledProcessError: Command '['/project/6006191/yafathi/MINE_ENV/bin/python3', '-u', 'train.py', '--local_rank=0', '--config_path', './configs/params_kitti_raw.yaml', '--workspace', '/project/def-karray/yafathi/MINE/', '--version', 'debug', '--extra_config', '{"training.gpus": "0"}']' returned non-zero exit status 1.
Killing subprocess 165055
