Mon Nov  1 07:05:32 2021       
+-----------------------------------------------------------------------------+
| NVIDIA-SMI 470.57.02    Driver Version: 470.57.02    CUDA Version: 11.4     |
|-------------------------------+----------------------+----------------------+
| GPU  Name        Persistence-M| Bus-Id        Disp.A | Volatile Uncorr. ECC |
| Fan  Temp  Perf  Pwr:Usage/Cap|         Memory-Usage | GPU-Util  Compute M. |
|                               |                      |               MIG M. |
|===============================+======================+======================|
|   0  Tesla V100-SXM2...  On   | 00000000:18:00.0 Off |                    0 |
| N/A   39C    P0    46W / 300W |      0MiB / 32510MiB |      0%      Default |
|                               |                      |                  N/A |
+-------------------------------+----------------------+----------------------+
                                                                               
+-----------------------------------------------------------------------------+
| Processes:                                                                  |
|  GPU   GI   CI        PID   Type   Process name                  GPU Memory |
|        ID   ID                                                   Usage      |
|=============================================================================|
|  No running processes found                                                 |
+-----------------------------------------------------------------------------+
Master address: localhost
Master port: 1234
Number of nodes: 1
Number of GPUs per node: 1
Node rank: 0
Workspace: /project/def-karray/yafathi/MINE/
Dataset: kitti_raw
Version: debug
Extra config: {"training.gpus": "0"}
default params: ./configs/params_kitti_raw.yaml
Dumping extra config file...
[2021-11-01 07:06:25,896 train.py] Training config: {'data.img_h': 128, 'data.img_w': 384, 'data.name': 'kitti_raw', 'data.img_pre_downsample_ratio': 7.875, 'data.num_seq_per_gpu': 4, 'data.per_gpu_batch_size': 4, 'data.num_tgt_views': 1, 'data.training_set_path': 'kitti_raw_data', 'data.val_set_path': 'YOUR_VAL_SET', 'data.visible_point_count': 256, 'data.num_workers': 4, 'data.rotation_pi_ratio': 3, 'data.is_exclude_views': True, 'lr.backbone_lr': 0.001, 'lr.decay_gamma': 0.1, 'lr.decay_steps': [40, 80, 100], 'lr.decoder_lr': 0.001, 'lr.weight_decay': 4e-05, 'model.backbone_normalization': True, 'model.decoder_normalization': True, 'model.pos_encoding_multires': 10, 'model.imagenet_pretrained': True, 'mpi.disparity_end': 0.001, 'mpi.disparity_start': 0.2, 'mpi.is_bg_depth_inf': False, 'mpi.num_bins_coarse': 32, 'mpi.num_bins_fine': 0, 'mpi.valid_mask_threshold': 2, 'mpi.fix_disparity': False, 'mpi.use_alpha': False, 'loss.smoothness_lambda_v1': 0.0, 'loss.smoothness_gmin': 2.0, 'loss.smoothness_grad_ratio': 0.1, 'loss.smoothness_lambda_v2': 0.01, 'training.epochs': 120, 'training.eval_interval': 2000, 'training.fine_tune': False, 'training.gpus': [0], 'training.pretrained_checkpoint_path': None, 'training.sample_interval': 30, 'training.src_rgb_blending': True, 'training.use_multi_scale': True, 'testing.frames_apart': 'random', 'current_epoch': 0, 'global_rank': 0, 'local_workspace': '/project/def-karray/yafathi/MINE/debug', 'local_rank': 0, 'world_size': 1, 'log_file': '/project/def-karray/yafathi/MINE/debug/training.log'}
/project/6006191/yafathi/MINE_ENV/lib/python3.8/site-packages/torchvision/transforms/transforms.py:257: UserWarning: Argument interpolation should be of type InterpolationMode instead of int. Please, use InterpolationMode enum.
  warnings.warn(
[2021-11-01 07:06:26,098 nerf_dataset.py] Dataset root: kitti_raw_data, is_validation: False, number of images: 0
[2021-11-01 07:06:26,133 nerf_dataset.py] Dataset root: kitti_raw_data, is_validation: True, number of images: 1242
num_ch_enc= [  64  256  512 1024 2048]
upconv_4_0 2069 256
upconv_4_1 1301 256
upconv_3_0 256 128
upconv_3_1 661 128
upconv_2_0 128 64
upconv_2_1 341 64
upconv_1_0 64 32
upconv_1_1 117 32
upconv_0_0 32 16
upconv_0_1 16 16
Setting up [LPIPS] perceptual loss: trunk [vgg], v[0.1], spatial [off]
Loading model from: /project/6006191/yafathi/MINE_ENV/lib/python3.8/site-packages/lpips/weights/v0.1/vgg.pth
[2021-11-01 07:06:30,003 utils.py] Not using pre-trained model...
/project/6006191/yafathi/MINE_ENV/lib/python3.8/site-packages/torch/optim/lr_scheduler.py:129: UserWarning: Detected call of `lr_scheduler.step()` before `optimizer.step()`. In PyTorch 1.1.0 and later, you should call them in the opposite order: `optimizer.step()` before `lr_scheduler.step()`.  Failure to do this will result in PyTorch skipping the first value of the learning rate schedule. See more details at https://pytorch.org/docs/stable/optim.html#how-to-adjust-learning-rate
  warnings.warn("Detected call of `lr_scheduler.step()` before `optimizer.step()`. "
[2021-11-01 07:06:30,085 synthesis_task_kitti.py] Epoch finished, average losses: 
[2021-11-01 07:06:30,085 synthesis_task_kitti.py]     train_loss 0.000000 (0.000000)
[2021-11-01 07:06:30,085 synthesis_task_kitti.py]     train_loss_rgb_src 0.000000 (0.000000)
[2021-11-01 07:06:30,085 synthesis_task_kitti.py]     train_loss_ssim_src 0.000000 (0.000000)
[2021-11-01 07:06:30,085 synthesis_task_kitti.py]     train_loss_rgb_tgt 0.000000 (0.000000)
[2021-11-01 07:06:30,085 synthesis_task_kitti.py]     train_loss_ssim_tgt 0.000000 (0.000000)
[2021-11-01 07:06:30,086 synthesis_task_kitti.py]     train_lpips_tgt 0.000000 (0.000000)
[2021-11-01 07:06:30,086 synthesis_task_kitti.py]     train_psnr_tgt 0.000000 (0.000000)
[2021-11-01 07:06:30,088 synthesis_task_kitti.py] Epoch finished, average losses: 
[2021-11-01 07:06:30,088 synthesis_task_kitti.py]     train_loss 0.000000 (0.000000)
[2021-11-01 07:06:30,088 synthesis_task_kitti.py]     train_loss_rgb_src 0.000000 (0.000000)
[2021-11-01 07:06:30,088 synthesis_task_kitti.py]     train_loss_ssim_src 0.000000 (0.000000)
[2021-11-01 07:06:30,088 synthesis_task_kitti.py]     train_loss_rgb_tgt 0.000000 (0.000000)
[2021-11-01 07:06:30,088 synthesis_task_kitti.py]     train_loss_ssim_tgt 0.000000 (0.000000)
[2021-11-01 07:06:30,088 synthesis_task_kitti.py]     train_lpips_tgt 0.000000 (0.000000)
[2021-11-01 07:06:30,088 synthesis_task_kitti.py]     train_psnr_tgt 0.000000 (0.000000)
[2021-11-01 07:06:30,090 synthesis_task_kitti.py] Epoch finished, average losses: 
[2021-11-01 07:06:30,091 synthesis_task_kitti.py]     train_loss 0.000000 (0.000000)
[2021-11-01 07:06:30,091 synthesis_task_kitti.py]     train_loss_rgb_src 0.000000 (0.000000)
[2021-11-01 07:06:30,091 synthesis_task_kitti.py]     train_loss_ssim_src 0.000000 (0.000000)
[2021-11-01 07:06:30,091 synthesis_task_kitti.py]     train_loss_rgb_tgt 0.000000 (0.000000)
[2021-11-01 07:06:30,091 synthesis_task_kitti.py]     train_loss_ssim_tgt 0.000000 (0.000000)
[2021-11-01 07:06:30,091 synthesis_task_kitti.py]     train_lpips_tgt 0.000000 (0.000000)
[2021-11-01 07:06:30,091 synthesis_task_kitti.py]     train_psnr_tgt 0.000000 (0.000000)
[2021-11-01 07:06:30,093 synthesis_task_kitti.py] Epoch finished, average losses: 
[2021-11-01 07:06:30,093 synthesis_task_kitti.py]     train_loss 0.000000 (0.000000)
[2021-11-01 07:06:30,093 synthesis_task_kitti.py]     train_loss_rgb_src 0.000000 (0.000000)
[2021-11-01 07:06:30,093 synthesis_task_kitti.py]     train_loss_ssim_src 0.000000 (0.000000)
[2021-11-01 07:06:30,093 synthesis_task_kitti.py]     train_loss_rgb_tgt 0.000000 (0.000000)
[2021-11-01 07:06:30,093 synthesis_task_kitti.py]     train_loss_ssim_tgt 0.000000 (0.000000)
[2021-11-01 07:06:30,093 synthesis_task_kitti.py]     train_lpips_tgt 0.000000 (0.000000)
[2021-11-01 07:06:30,093 synthesis_task_kitti.py]     train_psnr_tgt 0.000000 (0.000000)
[2021-11-01 07:06:30,095 synthesis_task_kitti.py] Epoch finished, average losses: 
[2021-11-01 07:06:30,095 synthesis_task_kitti.py]     train_loss 0.000000 (0.000000)
[2021-11-01 07:06:30,095 synthesis_task_kitti.py]     train_loss_rgb_src 0.000000 (0.000000)
[2021-11-01 07:06:30,095 synthesis_task_kitti.py]     train_loss_ssim_src 0.000000 (0.000000)
[2021-11-01 07:06:30,095 synthesis_task_kitti.py]     train_loss_rgb_tgt 0.000000 (0.000000)
[2021-11-01 07:06:30,095 synthesis_task_kitti.py]     train_loss_ssim_tgt 0.000000 (0.000000)
[2021-11-01 07:06:30,095 synthesis_task_kitti.py]     train_lpips_tgt 0.000000 (0.000000)
[2021-11-01 07:06:30,096 synthesis_task_kitti.py]     train_psnr_tgt 0.000000 (0.000000)
[2021-11-01 07:06:30,097 synthesis_task_kitti.py] Epoch finished, average losses: 
[2021-11-01 07:06:30,097 synthesis_task_kitti.py]     train_loss 0.000000 (0.000000)
[2021-11-01 07:06:30,097 synthesis_task_kitti.py]     train_loss_rgb_src 0.000000 (0.000000)
[2021-11-01 07:06:30,097 synthesis_task_kitti.py]     train_loss_ssim_src 0.000000 (0.000000)
[2021-11-01 07:06:30,097 synthesis_task_kitti.py]     train_loss_rgb_tgt 0.000000 (0.000000)
[2021-11-01 07:06:30,097 synthesis_task_kitti.py]     train_loss_ssim_tgt 0.000000 (0.000000)
[2021-11-01 07:06:30,097 synthesis_task_kitti.py]     train_lpips_tgt 0.000000 (0.000000)
[2021-11-01 07:06:30,098 synthesis_task_kitti.py]     train_psnr_tgt 0.000000 (0.000000)
[2021-11-01 07:06:30,099 synthesis_task_kitti.py] Epoch finished, average losses: 
[2021-11-01 07:06:30,099 synthesis_task_kitti.py]     train_loss 0.000000 (0.000000)
[2021-11-01 07:06:30,099 synthesis_task_kitti.py]     train_loss_rgb_src 0.000000 (0.000000)
[2021-11-01 07:06:30,099 synthesis_task_kitti.py]     train_loss_ssim_src 0.000000 (0.000000)
[2021-11-01 07:06:30,099 synthesis_task_kitti.py]     train_loss_rgb_tgt 0.000000 (0.000000)
[2021-11-01 07:06:30,099 synthesis_task_kitti.py]     train_loss_ssim_tgt 0.000000 (0.000000)
[2021-11-01 07:06:30,099 synthesis_task_kitti.py]     train_lpips_tgt 0.000000 (0.000000)
[2021-11-01 07:06:30,099 synthesis_task_kitti.py]     train_psnr_tgt 0.000000 (0.000000)
[2021-11-01 07:06:30,101 synthesis_task_kitti.py] Epoch finished, average losses: 
[2021-11-01 07:06:30,101 synthesis_task_kitti.py]     train_loss 0.000000 (0.000000)
[2021-11-01 07:06:30,101 synthesis_task_kitti.py]     train_loss_rgb_src 0.000000 (0.000000)
[2021-11-01 07:06:30,101 synthesis_task_kitti.py]     train_loss_ssim_src 0.000000 (0.000000)
[2021-11-01 07:06:30,101 synthesis_task_kitti.py]     train_loss_rgb_tgt 0.000000 (0.000000)
[2021-11-01 07:06:30,101 synthesis_task_kitti.py]     train_loss_ssim_tgt 0.000000 (0.000000)
[2021-11-01 07:06:30,101 synthesis_task_kitti.py]     train_lpips_tgt 0.000000 (0.000000)
[2021-11-01 07:06:30,101 synthesis_task_kitti.py]     train_psnr_tgt 0.000000 (0.000000)
[2021-11-01 07:06:30,103 synthesis_task_kitti.py] Epoch finished, average losses: 
[2021-11-01 07:06:30,103 synthesis_task_kitti.py]     train_loss 0.000000 (0.000000)
[2021-11-01 07:06:30,103 synthesis_task_kitti.py]     train_loss_rgb_src 0.000000 (0.000000)
[2021-11-01 07:06:30,103 synthesis_task_kitti.py]     train_loss_ssim_src 0.000000 (0.000000)
[2021-11-01 07:06:30,103 synthesis_task_kitti.py]     train_loss_rgb_tgt 0.000000 (0.000000)
[2021-11-01 07:06:30,103 synthesis_task_kitti.py]     train_loss_ssim_tgt 0.000000 (0.000000)
[2021-11-01 07:06:30,103 synthesis_task_kitti.py]     train_lpips_tgt 0.000000 (0.000000)
[2021-11-01 07:06:30,103 synthesis_task_kitti.py]     train_psnr_tgt 0.000000 (0.000000)
[2021-11-01 07:06:30,104 synthesis_task_kitti.py] Epoch finished, average losses: 
[2021-11-01 07:06:30,105 synthesis_task_kitti.py]     train_loss 0.000000 (0.000000)
[2021-11-01 07:06:30,105 synthesis_task_kitti.py]     train_loss_rgb_src 0.000000 (0.000000)
[2021-11-01 07:06:30,105 synthesis_task_kitti.py]     train_loss_ssim_src 0.000000 (0.000000)
[2021-11-01 07:06:30,105 synthesis_task_kitti.py]     train_loss_rgb_tgt 0.000000 (0.000000)
[2021-11-01 07:06:30,105 synthesis_task_kitti.py]     train_loss_ssim_tgt 0.000000 (0.000000)
[2021-11-01 07:06:30,105 synthesis_task_kitti.py]     train_lpips_tgt 0.000000 (0.000000)
[2021-11-01 07:06:30,105 synthesis_task_kitti.py]     train_psnr_tgt 0.000000 (0.000000)
[2021-11-01 07:06:30,106 synthesis_task_kitti.py] Epoch finished, average losses: 
[2021-11-01 07:06:30,106 synthesis_task_kitti.py]     train_loss 0.000000 (0.000000)
[2021-11-01 07:06:30,107 synthesis_task_kitti.py]     train_loss_rgb_src 0.000000 (0.000000)
[2021-11-01 07:06:30,107 synthesis_task_kitti.py]     train_loss_ssim_src 0.000000 (0.000000)
[2021-11-01 07:06:30,107 synthesis_task_kitti.py]     train_loss_rgb_tgt 0.000000 (0.000000)
[2021-11-01 07:06:30,107 synthesis_task_kitti.py]     train_loss_ssim_tgt 0.000000 (0.000000)
[2021-11-01 07:06:30,107 synthesis_task_kitti.py]     train_lpips_tgt 0.000000 (0.000000)
[2021-11-01 07:06:30,107 synthesis_task_kitti.py]     train_psnr_tgt 0.000000 (0.000000)
[2021-11-01 07:06:30,108 synthesis_task_kitti.py] Epoch finished, average losses: 
[2021-11-01 07:06:30,108 synthesis_task_kitti.py]     train_loss 0.000000 (0.000000)
[2021-11-01 07:06:30,108 synthesis_task_kitti.py]     train_loss_rgb_src 0.000000 (0.000000)
[2021-11-01 07:06:30,108 synthesis_task_kitti.py]     train_loss_ssim_src 0.000000 (0.000000)
[2021-11-01 07:06:30,109 synthesis_task_kitti.py]     train_loss_rgb_tgt 0.000000 (0.000000)
[2021-11-01 07:06:30,109 synthesis_task_kitti.py]     train_loss_ssim_tgt 0.000000 (0.000000)
[2021-11-01 07:06:30,109 synthesis_task_kitti.py]     train_lpips_tgt 0.000000 (0.000000)
[2021-11-01 07:06:30,109 synthesis_task_kitti.py]     train_psnr_tgt 0.000000 (0.000000)
[2021-11-01 07:06:30,110 synthesis_task_kitti.py] Epoch finished, average losses: 
[2021-11-01 07:06:30,110 synthesis_task_kitti.py]     train_loss 0.000000 (0.000000)
[2021-11-01 07:06:30,110 synthesis_task_kitti.py]     train_loss_rgb_src 0.000000 (0.000000)
[2021-11-01 07:06:30,110 synthesis_task_kitti.py]     train_loss_ssim_src 0.000000 (0.000000)
[2021-11-01 07:06:30,110 synthesis_task_kitti.py]     train_loss_rgb_tgt 0.000000 (0.000000)
[2021-11-01 07:06:30,111 synthesis_task_kitti.py]     train_loss_ssim_tgt 0.000000 (0.000000)
[2021-11-01 07:06:30,111 synthesis_task_kitti.py]     train_lpips_tgt 0.000000 (0.000000)
[2021-11-01 07:06:30,111 synthesis_task_kitti.py]     train_psnr_tgt 0.000000 (0.000000)
[2021-11-01 07:06:30,112 synthesis_task_kitti.py] Epoch finished, average losses: 
[2021-11-01 07:06:30,112 synthesis_task_kitti.py]     train_loss 0.000000 (0.000000)
[2021-11-01 07:06:30,112 synthesis_task_kitti.py]     train_loss_rgb_src 0.000000 (0.000000)
[2021-11-01 07:06:30,112 synthesis_task_kitti.py]     train_loss_ssim_src 0.000000 (0.000000)
[2021-11-01 07:06:30,112 synthesis_task_kitti.py]     train_loss_rgb_tgt 0.000000 (0.000000)
[2021-11-01 07:06:30,112 synthesis_task_kitti.py]     train_loss_ssim_tgt 0.000000 (0.000000)
[2021-11-01 07:06:30,112 synthesis_task_kitti.py]     train_lpips_tgt 0.000000 (0.000000)
[2021-11-01 07:06:30,113 synthesis_task_kitti.py]     train_psnr_tgt 0.000000 (0.000000)
[2021-11-01 07:06:30,114 synthesis_task_kitti.py] Epoch finished, average losses: 
[2021-11-01 07:06:30,114 synthesis_task_kitti.py]     train_loss 0.000000 (0.000000)
[2021-11-01 07:06:30,114 synthesis_task_kitti.py]     train_loss_rgb_src 0.000000 (0.000000)
[2021-11-01 07:06:30,114 synthesis_task_kitti.py]     train_loss_ssim_src 0.000000 (0.000000)
[2021-11-01 07:06:30,114 synthesis_task_kitti.py]     train_loss_rgb_tgt 0.000000 (0.000000)
[2021-11-01 07:06:30,114 synthesis_task_kitti.py]     train_loss_ssim_tgt 0.000000 (0.000000)
[2021-11-01 07:06:30,114 synthesis_task_kitti.py]     train_lpips_tgt 0.000000 (0.000000)
[2021-11-01 07:06:30,114 synthesis_task_kitti.py]     train_psnr_tgt 0.000000 (0.000000)
[2021-11-01 07:06:30,116 synthesis_task_kitti.py] Epoch finished, average losses: 
[2021-11-01 07:06:30,116 synthesis_task_kitti.py]     train_loss 0.000000 (0.000000)
[2021-11-01 07:06:30,116 synthesis_task_kitti.py]     train_loss_rgb_src 0.000000 (0.000000)
[2021-11-01 07:06:30,116 synthesis_task_kitti.py]     train_loss_ssim_src 0.000000 (0.000000)
[2021-11-01 07:06:30,116 synthesis_task_kitti.py]     train_loss_rgb_tgt 0.000000 (0.000000)
[2021-11-01 07:06:30,116 synthesis_task_kitti.py]     train_loss_ssim_tgt 0.000000 (0.000000)
[2021-11-01 07:06:30,116 synthesis_task_kitti.py]     train_lpips_tgt 0.000000 (0.000000)
[2021-11-01 07:06:30,116 synthesis_task_kitti.py]     train_psnr_tgt 0.000000 (0.000000)
[2021-11-01 07:06:30,118 synthesis_task_kitti.py] Epoch finished, average losses: 
[2021-11-01 07:06:30,118 synthesis_task_kitti.py]     train_loss 0.000000 (0.000000)
[2021-11-01 07:06:30,118 synthesis_task_kitti.py]     train_loss_rgb_src 0.000000 (0.000000)
[2021-11-01 07:06:30,118 synthesis_task_kitti.py]     train_loss_ssim_src 0.000000 (0.000000)
[2021-11-01 07:06:30,118 synthesis_task_kitti.py]     train_loss_rgb_tgt 0.000000 (0.000000)
[2021-11-01 07:06:30,118 synthesis_task_kitti.py]     train_loss_ssim_tgt 0.000000 (0.000000)
[2021-11-01 07:06:30,118 synthesis_task_kitti.py]     train_lpips_tgt 0.000000 (0.000000)
[2021-11-01 07:06:30,118 synthesis_task_kitti.py]     train_psnr_tgt 0.000000 (0.000000)
[2021-11-01 07:06:30,119 synthesis_task_kitti.py] Epoch finished, average losses: 
[2021-11-01 07:06:30,120 synthesis_task_kitti.py]     train_loss 0.000000 (0.000000)
[2021-11-01 07:06:30,120 synthesis_task_kitti.py]     train_loss_rgb_src 0.000000 (0.000000)
[2021-11-01 07:06:30,120 synthesis_task_kitti.py]     train_loss_ssim_src 0.000000 (0.000000)
[2021-11-01 07:06:30,120 synthesis_task_kitti.py]     train_loss_rgb_tgt 0.000000 (0.000000)
[2021-11-01 07:06:30,120 synthesis_task_kitti.py]     train_loss_ssim_tgt 0.000000 (0.000000)
[2021-11-01 07:06:30,120 synthesis_task_kitti.py]     train_lpips_tgt 0.000000 (0.000000)
[2021-11-01 07:06:30,120 synthesis_task_kitti.py]     train_psnr_tgt 0.000000 (0.000000)
[2021-11-01 07:06:30,121 synthesis_task_kitti.py] Epoch finished, average losses: 
[2021-11-01 07:06:30,121 synthesis_task_kitti.py]     train_loss 0.000000 (0.000000)
[2021-11-01 07:06:30,121 synthesis_task_kitti.py]     train_loss_rgb_src 0.000000 (0.000000)
[2021-11-01 07:06:30,122 synthesis_task_kitti.py]     train_loss_ssim_src 0.000000 (0.000000)
[2021-11-01 07:06:30,122 synthesis_task_kitti.py]     train_loss_rgb_tgt 0.000000 (0.000000)
[2021-11-01 07:06:30,122 synthesis_task_kitti.py]     train_loss_ssim_tgt 0.000000 (0.000000)
[2021-11-01 07:06:30,122 synthesis_task_kitti.py]     train_lpips_tgt 0.000000 (0.000000)
[2021-11-01 07:06:30,122 synthesis_task_kitti.py]     train_psnr_tgt 0.000000 (0.000000)
[2021-11-01 07:06:30,123 synthesis_task_kitti.py] Epoch finished, average losses: 
[2021-11-01 07:06:30,123 synthesis_task_kitti.py]     train_loss 0.000000 (0.000000)
[2021-11-01 07:06:30,123 synthesis_task_kitti.py]     train_loss_rgb_src 0.000000 (0.000000)
[2021-11-01 07:06:30,123 synthesis_task_kitti.py]     train_loss_ssim_src 0.000000 (0.000000)
[2021-11-01 07:06:30,123 synthesis_task_kitti.py]     train_loss_rgb_tgt 0.000000 (0.000000)
[2021-11-01 07:06:30,124 synthesis_task_kitti.py]     train_loss_ssim_tgt 0.000000 (0.000000)
[2021-11-01 07:06:30,124 synthesis_task_kitti.py]     train_lpips_tgt 0.000000 (0.000000)
[2021-11-01 07:06:30,124 synthesis_task_kitti.py]     train_psnr_tgt 0.000000 (0.000000)
[2021-11-01 07:06:30,125 synthesis_task_kitti.py] Epoch finished, average losses: 
[2021-11-01 07:06:30,125 synthesis_task_kitti.py]     train_loss 0.000000 (0.000000)
[2021-11-01 07:06:30,125 synthesis_task_kitti.py]     train_loss_rgb_src 0.000000 (0.000000)
[2021-11-01 07:06:30,125 synthesis_task_kitti.py]     train_loss_ssim_src 0.000000 (0.000000)
[2021-11-01 07:06:30,125 synthesis_task_kitti.py]     train_loss_rgb_tgt 0.000000 (0.000000)
[2021-11-01 07:06:30,125 synthesis_task_kitti.py]     train_loss_ssim_tgt 0.000000 (0.000000)
[2021-11-01 07:06:30,125 synthesis_task_kitti.py]     train_lpips_tgt 0.000000 (0.000000)
[2021-11-01 07:06:30,126 synthesis_task_kitti.py]     train_psnr_tgt 0.000000 (0.000000)
[2021-11-01 07:06:30,127 synthesis_task_kitti.py] Epoch finished, average losses: 
[2021-11-01 07:06:30,127 synthesis_task_kitti.py]     train_loss 0.000000 (0.000000)
[2021-11-01 07:06:30,127 synthesis_task_kitti.py]     train_loss_rgb_src 0.000000 (0.000000)
[2021-11-01 07:06:30,127 synthesis_task_kitti.py]     train_loss_ssim_src 0.000000 (0.000000)
[2021-11-01 07:06:30,127 synthesis_task_kitti.py]     train_loss_rgb_tgt 0.000000 (0.000000)
[2021-11-01 07:06:30,127 synthesis_task_kitti.py]     train_loss_ssim_tgt 0.000000 (0.000000)
[2021-11-01 07:06:30,127 synthesis_task_kitti.py]     train_lpips_tgt 0.000000 (0.000000)
[2021-11-01 07:06:30,127 synthesis_task_kitti.py]     train_psnr_tgt 0.000000 (0.000000)
[2021-11-01 07:06:30,129 synthesis_task_kitti.py] Epoch finished, average losses: 
[2021-11-01 07:06:30,129 synthesis_task_kitti.py]     train_loss 0.000000 (0.000000)
[2021-11-01 07:06:30,129 synthesis_task_kitti.py]     train_loss_rgb_src 0.000000 (0.000000)
[2021-11-01 07:06:30,129 synthesis_task_kitti.py]     train_loss_ssim_src 0.000000 (0.000000)
[2021-11-01 07:06:30,129 synthesis_task_kitti.py]     train_loss_rgb_tgt 0.000000 (0.000000)
[2021-11-01 07:06:30,129 synthesis_task_kitti.py]     train_loss_ssim_tgt 0.000000 (0.000000)
[2021-11-01 07:06:30,129 synthesis_task_kitti.py]     train_lpips_tgt 0.000000 (0.000000)
[2021-11-01 07:06:30,129 synthesis_task_kitti.py]     train_psnr_tgt 0.000000 (0.000000)
[2021-11-01 07:06:30,130 synthesis_task_kitti.py] Epoch finished, average losses: 
[2021-11-01 07:06:30,131 synthesis_task_kitti.py]     train_loss 0.000000 (0.000000)
[2021-11-01 07:06:30,131 synthesis_task_kitti.py]     train_loss_rgb_src 0.000000 (0.000000)
[2021-11-01 07:06:30,131 synthesis_task_kitti.py]     train_loss_ssim_src 0.000000 (0.000000)
[2021-11-01 07:06:30,131 synthesis_task_kitti.py]     train_loss_rgb_tgt 0.000000 (0.000000)
[2021-11-01 07:06:30,131 synthesis_task_kitti.py]     train_loss_ssim_tgt 0.000000 (0.000000)
[2021-11-01 07:06:30,131 synthesis_task_kitti.py]     train_lpips_tgt 0.000000 (0.000000)
[2021-11-01 07:06:30,131 synthesis_task_kitti.py]     train_psnr_tgt 0.000000 (0.000000)
[2021-11-01 07:06:30,132 synthesis_task_kitti.py] Epoch finished, average losses: 
[2021-11-01 07:06:30,132 synthesis_task_kitti.py]     train_loss 0.000000 (0.000000)
[2021-11-01 07:06:30,132 synthesis_task_kitti.py]     train_loss_rgb_src 0.000000 (0.000000)
[2021-11-01 07:06:30,133 synthesis_task_kitti.py]     train_loss_ssim_src 0.000000 (0.000000)
[2021-11-01 07:06:30,133 synthesis_task_kitti.py]     train_loss_rgb_tgt 0.000000 (0.000000)
[2021-11-01 07:06:30,133 synthesis_task_kitti.py]     train_loss_ssim_tgt 0.000000 (0.000000)
[2021-11-01 07:06:30,133 synthesis_task_kitti.py]     train_lpips_tgt 0.000000 (0.000000)
[2021-11-01 07:06:30,133 synthesis_task_kitti.py]     train_psnr_tgt 0.000000 (0.000000)
[2021-11-01 07:06:30,134 synthesis_task_kitti.py] Epoch finished, average losses: 
[2021-11-01 07:06:30,134 synthesis_task_kitti.py]     train_loss 0.000000 (0.000000)
[2021-11-01 07:06:30,134 synthesis_task_kitti.py]     train_loss_rgb_src 0.000000 (0.000000)
[2021-11-01 07:06:30,134 synthesis_task_kitti.py]     train_loss_ssim_src 0.000000 (0.000000)
[2021-11-01 07:06:30,134 synthesis_task_kitti.py]     train_loss_rgb_tgt 0.000000 (0.000000)
[2021-11-01 07:06:30,135 synthesis_task_kitti.py]     train_loss_ssim_tgt 0.000000 (0.000000)
[2021-11-01 07:06:30,135 synthesis_task_kitti.py]     train_lpips_tgt 0.000000 (0.000000)
[2021-11-01 07:06:30,135 synthesis_task_kitti.py]     train_psnr_tgt 0.000000 (0.000000)
[2021-11-01 07:06:30,136 synthesis_task_kitti.py] Epoch finished, average losses: 
[2021-11-01 07:06:30,136 synthesis_task_kitti.py]     train_loss 0.000000 (0.000000)
[2021-11-01 07:06:30,136 synthesis_task_kitti.py]     train_loss_rgb_src 0.000000 (0.000000)
[2021-11-01 07:06:30,136 synthesis_task_kitti.py]     train_loss_ssim_src 0.000000 (0.000000)
[2021-11-01 07:06:30,136 synthesis_task_kitti.py]     train_loss_rgb_tgt 0.000000 (0.000000)
[2021-11-01 07:06:30,136 synthesis_task_kitti.py]     train_loss_ssim_tgt 0.000000 (0.000000)
[2021-11-01 07:06:30,136 synthesis_task_kitti.py]     train_lpips_tgt 0.000000 (0.000000)
[2021-11-01 07:06:30,136 synthesis_task_kitti.py]     train_psnr_tgt 0.000000 (0.000000)
[2021-11-01 07:06:30,138 synthesis_task_kitti.py] Epoch finished, average losses: 
[2021-11-01 07:06:30,138 synthesis_task_kitti.py]     train_loss 0.000000 (0.000000)
[2021-11-01 07:06:30,138 synthesis_task_kitti.py]     train_loss_rgb_src 0.000000 (0.000000)
[2021-11-01 07:06:30,138 synthesis_task_kitti.py]     train_loss_ssim_src 0.000000 (0.000000)
[2021-11-01 07:06:30,138 synthesis_task_kitti.py]     train_loss_rgb_tgt 0.000000 (0.000000)
[2021-11-01 07:06:30,138 synthesis_task_kitti.py]     train_loss_ssim_tgt 0.000000 (0.000000)
[2021-11-01 07:06:30,138 synthesis_task_kitti.py]     train_lpips_tgt 0.000000 (0.000000)
[2021-11-01 07:06:30,138 synthesis_task_kitti.py]     train_psnr_tgt 0.000000 (0.000000)
[2021-11-01 07:06:30,140 synthesis_task_kitti.py] Epoch finished, average losses: 
[2021-11-01 07:06:30,140 synthesis_task_kitti.py]     train_loss 0.000000 (0.000000)
[2021-11-01 07:06:30,140 synthesis_task_kitti.py]     train_loss_rgb_src 0.000000 (0.000000)
[2021-11-01 07:06:30,140 synthesis_task_kitti.py]     train_loss_ssim_src 0.000000 (0.000000)
[2021-11-01 07:06:30,140 synthesis_task_kitti.py]     train_loss_rgb_tgt 0.000000 (0.000000)
[2021-11-01 07:06:30,140 synthesis_task_kitti.py]     train_loss_ssim_tgt 0.000000 (0.000000)
[2021-11-01 07:06:30,140 synthesis_task_kitti.py]     train_lpips_tgt 0.000000 (0.000000)
[2021-11-01 07:06:30,140 synthesis_task_kitti.py]     train_psnr_tgt 0.000000 (0.000000)
[2021-11-01 07:06:30,141 synthesis_task_kitti.py] Epoch finished, average losses: 
[2021-11-01 07:06:30,141 synthesis_task_kitti.py]     train_loss 0.000000 (0.000000)
[2021-11-01 07:06:30,142 synthesis_task_kitti.py]     train_loss_rgb_src 0.000000 (0.000000)
[2021-11-01 07:06:30,142 synthesis_task_kitti.py]     train_loss_ssim_src 0.000000 (0.000000)
[2021-11-01 07:06:30,142 synthesis_task_kitti.py]     train_loss_rgb_tgt 0.000000 (0.000000)
[2021-11-01 07:06:30,142 synthesis_task_kitti.py]     train_loss_ssim_tgt 0.000000 (0.000000)
[2021-11-01 07:06:30,142 synthesis_task_kitti.py]     train_lpips_tgt 0.000000 (0.000000)
[2021-11-01 07:06:30,142 synthesis_task_kitti.py]     train_psnr_tgt 0.000000 (0.000000)
[2021-11-01 07:06:30,143 synthesis_task_kitti.py] Epoch finished, average losses: 
[2021-11-01 07:06:30,143 synthesis_task_kitti.py]     train_loss 0.000000 (0.000000)
[2021-11-01 07:06:30,143 synthesis_task_kitti.py]     train_loss_rgb_src 0.000000 (0.000000)
[2021-11-01 07:06:30,143 synthesis_task_kitti.py]     train_loss_ssim_src 0.000000 (0.000000)
[2021-11-01 07:06:30,144 synthesis_task_kitti.py]     train_loss_rgb_tgt 0.000000 (0.000000)
[2021-11-01 07:06:30,144 synthesis_task_kitti.py]     train_loss_ssim_tgt 0.000000 (0.000000)
[2021-11-01 07:06:30,144 synthesis_task_kitti.py]     train_lpips_tgt 0.000000 (0.000000)
[2021-11-01 07:06:30,144 synthesis_task_kitti.py]     train_psnr_tgt 0.000000 (0.000000)
[2021-11-01 07:06:30,145 synthesis_task_kitti.py] Epoch finished, average losses: 
[2021-11-01 07:06:30,145 synthesis_task_kitti.py]     train_loss 0.000000 (0.000000)
[2021-11-01 07:06:30,145 synthesis_task_kitti.py]     train_loss_rgb_src 0.000000 (0.000000)
[2021-11-01 07:06:30,145 synthesis_task_kitti.py]     train_loss_ssim_src 0.000000 (0.000000)
[2021-11-01 07:06:30,145 synthesis_task_kitti.py]     train_loss_rgb_tgt 0.000000 (0.000000)
[2021-11-01 07:06:30,145 synthesis_task_kitti.py]     train_loss_ssim_tgt 0.000000 (0.000000)
[2021-11-01 07:06:30,146 synthesis_task_kitti.py]     train_lpips_tgt 0.000000 (0.000000)
[2021-11-01 07:06:30,146 synthesis_task_kitti.py]     train_psnr_tgt 0.000000 (0.000000)
[2021-11-01 07:06:30,147 synthesis_task_kitti.py] Epoch finished, average losses: 
[2021-11-01 07:06:30,147 synthesis_task_kitti.py]     train_loss 0.000000 (0.000000)
[2021-11-01 07:06:30,147 synthesis_task_kitti.py]     train_loss_rgb_src 0.000000 (0.000000)
[2021-11-01 07:06:30,147 synthesis_task_kitti.py]     train_loss_ssim_src 0.000000 (0.000000)
[2021-11-01 07:06:30,147 synthesis_task_kitti.py]     train_loss_rgb_tgt 0.000000 (0.000000)
[2021-11-01 07:06:30,147 synthesis_task_kitti.py]     train_loss_ssim_tgt 0.000000 (0.000000)
[2021-11-01 07:06:30,147 synthesis_task_kitti.py]     train_lpips_tgt 0.000000 (0.000000)
[2021-11-01 07:06:30,147 synthesis_task_kitti.py]     train_psnr_tgt 0.000000 (0.000000)
[2021-11-01 07:06:30,149 synthesis_task_kitti.py] Epoch finished, average losses: 
[2021-11-01 07:06:30,149 synthesis_task_kitti.py]     train_loss 0.000000 (0.000000)
[2021-11-01 07:06:30,149 synthesis_task_kitti.py]     train_loss_rgb_src 0.000000 (0.000000)
[2021-11-01 07:06:30,149 synthesis_task_kitti.py]     train_loss_ssim_src 0.000000 (0.000000)
[2021-11-01 07:06:30,149 synthesis_task_kitti.py]     train_loss_rgb_tgt 0.000000 (0.000000)
[2021-11-01 07:06:30,149 synthesis_task_kitti.py]     train_loss_ssim_tgt 0.000000 (0.000000)
[2021-11-01 07:06:30,149 synthesis_task_kitti.py]     train_lpips_tgt 0.000000 (0.000000)
[2021-11-01 07:06:30,149 synthesis_task_kitti.py]     train_psnr_tgt 0.000000 (0.000000)
[2021-11-01 07:06:30,151 synthesis_task_kitti.py] Epoch finished, average losses: 
[2021-11-01 07:06:30,151 synthesis_task_kitti.py]     train_loss 0.000000 (0.000000)
[2021-11-01 07:06:30,151 synthesis_task_kitti.py]     train_loss_rgb_src 0.000000 (0.000000)
[2021-11-01 07:06:30,151 synthesis_task_kitti.py]     train_loss_ssim_src 0.000000 (0.000000)
[2021-11-01 07:06:30,151 synthesis_task_kitti.py]     train_loss_rgb_tgt 0.000000 (0.000000)
[2021-11-01 07:06:30,151 synthesis_task_kitti.py]     train_loss_ssim_tgt 0.000000 (0.000000)
[2021-11-01 07:06:30,151 synthesis_task_kitti.py]     train_lpips_tgt 0.000000 (0.000000)
[2021-11-01 07:06:30,151 synthesis_task_kitti.py]     train_psnr_tgt 0.000000 (0.000000)
[2021-11-01 07:06:30,152 synthesis_task_kitti.py] Epoch finished, average losses: 
[2021-11-01 07:06:30,152 synthesis_task_kitti.py]     train_loss 0.000000 (0.000000)
[2021-11-01 07:06:30,153 synthesis_task_kitti.py]     train_loss_rgb_src 0.000000 (0.000000)
[2021-11-01 07:06:30,153 synthesis_task_kitti.py]     train_loss_ssim_src 0.000000 (0.000000)
[2021-11-01 07:06:30,153 synthesis_task_kitti.py]     train_loss_rgb_tgt 0.000000 (0.000000)
[2021-11-01 07:06:30,153 synthesis_task_kitti.py]     train_loss_ssim_tgt 0.000000 (0.000000)
[2021-11-01 07:06:30,153 synthesis_task_kitti.py]     train_lpips_tgt 0.000000 (0.000000)
[2021-11-01 07:06:30,153 synthesis_task_kitti.py]     train_psnr_tgt 0.000000 (0.000000)
[2021-11-01 07:06:30,154 synthesis_task_kitti.py] Epoch finished, average losses: 
[2021-11-01 07:06:30,154 synthesis_task_kitti.py]     train_loss 0.000000 (0.000000)
[2021-11-01 07:06:30,154 synthesis_task_kitti.py]     train_loss_rgb_src 0.000000 (0.000000)
[2021-11-01 07:06:30,154 synthesis_task_kitti.py]     train_loss_ssim_src 0.000000 (0.000000)
[2021-11-01 07:06:30,155 synthesis_task_kitti.py]     train_loss_rgb_tgt 0.000000 (0.000000)
[2021-11-01 07:06:30,155 synthesis_task_kitti.py]     train_loss_ssim_tgt 0.000000 (0.000000)
[2021-11-01 07:06:30,155 synthesis_task_kitti.py]     train_lpips_tgt 0.000000 (0.000000)
[2021-11-01 07:06:30,155 synthesis_task_kitti.py]     train_psnr_tgt 0.000000 (0.000000)
[2021-11-01 07:06:30,156 synthesis_task_kitti.py] Epoch finished, average losses: 
[2021-11-01 07:06:30,156 synthesis_task_kitti.py]     train_loss 0.000000 (0.000000)
[2021-11-01 07:06:30,156 synthesis_task_kitti.py]     train_loss_rgb_src 0.000000 (0.000000)
[2021-11-01 07:06:30,156 synthesis_task_kitti.py]     train_loss_ssim_src 0.000000 (0.000000)
[2021-11-01 07:06:30,156 synthesis_task_kitti.py]     train_loss_rgb_tgt 0.000000 (0.000000)
[2021-11-01 07:06:30,156 synthesis_task_kitti.py]     train_loss_ssim_tgt 0.000000 (0.000000)
[2021-11-01 07:06:30,157 synthesis_task_kitti.py]     train_lpips_tgt 0.000000 (0.000000)
[2021-11-01 07:06:30,157 synthesis_task_kitti.py]     train_psnr_tgt 0.000000 (0.000000)
[2021-11-01 07:06:30,158 synthesis_task_kitti.py] Epoch finished, average losses: 
[2021-11-01 07:06:30,158 synthesis_task_kitti.py]     train_loss 0.000000 (0.000000)
[2021-11-01 07:06:30,158 synthesis_task_kitti.py]     train_loss_rgb_src 0.000000 (0.000000)
[2021-11-01 07:06:30,158 synthesis_task_kitti.py]     train_loss_ssim_src 0.000000 (0.000000)
[2021-11-01 07:06:30,158 synthesis_task_kitti.py]     train_loss_rgb_tgt 0.000000 (0.000000)
[2021-11-01 07:06:30,158 synthesis_task_kitti.py]     train_loss_ssim_tgt 0.000000 (0.000000)
[2021-11-01 07:06:30,158 synthesis_task_kitti.py]     train_lpips_tgt 0.000000 (0.000000)
[2021-11-01 07:06:30,158 synthesis_task_kitti.py]     train_psnr_tgt 0.000000 (0.000000)
[2021-11-01 07:06:30,160 synthesis_task_kitti.py] Epoch finished, average losses: 
[2021-11-01 07:06:30,160 synthesis_task_kitti.py]     train_loss 0.000000 (0.000000)
[2021-11-01 07:06:30,160 synthesis_task_kitti.py]     train_loss_rgb_src 0.000000 (0.000000)
[2021-11-01 07:06:30,160 synthesis_task_kitti.py]     train_loss_ssim_src 0.000000 (0.000000)
[2021-11-01 07:06:30,160 synthesis_task_kitti.py]     train_loss_rgb_tgt 0.000000 (0.000000)
[2021-11-01 07:06:30,160 synthesis_task_kitti.py]     train_loss_ssim_tgt 0.000000 (0.000000)
[2021-11-01 07:06:30,160 synthesis_task_kitti.py]     train_lpips_tgt 0.000000 (0.000000)
[2021-11-01 07:06:30,160 synthesis_task_kitti.py]     train_psnr_tgt 0.000000 (0.000000)
[2021-11-01 07:06:30,162 synthesis_task_kitti.py] Epoch finished, average losses: 
[2021-11-01 07:06:30,162 synthesis_task_kitti.py]     train_loss 0.000000 (0.000000)
[2021-11-01 07:06:30,162 synthesis_task_kitti.py]     train_loss_rgb_src 0.000000 (0.000000)
[2021-11-01 07:06:30,162 synthesis_task_kitti.py]     train_loss_ssim_src 0.000000 (0.000000)
[2021-11-01 07:06:30,162 synthesis_task_kitti.py]     train_loss_rgb_tgt 0.000000 (0.000000)
[2021-11-01 07:06:30,162 synthesis_task_kitti.py]     train_loss_ssim_tgt 0.000000 (0.000000)
[2021-11-01 07:06:30,162 synthesis_task_kitti.py]     train_lpips_tgt 0.000000 (0.000000)
[2021-11-01 07:06:30,162 synthesis_task_kitti.py]     train_psnr_tgt 0.000000 (0.000000)
[2021-11-01 07:06:30,163 synthesis_task_kitti.py] Epoch finished, average losses: 
[2021-11-01 07:06:30,164 synthesis_task_kitti.py]     train_loss 0.000000 (0.000000)
[2021-11-01 07:06:30,164 synthesis_task_kitti.py]     train_loss_rgb_src 0.000000 (0.000000)
[2021-11-01 07:06:30,164 synthesis_task_kitti.py]     train_loss_ssim_src 0.000000 (0.000000)
[2021-11-01 07:06:30,164 synthesis_task_kitti.py]     train_loss_rgb_tgt 0.000000 (0.000000)
[2021-11-01 07:06:30,164 synthesis_task_kitti.py]     train_loss_ssim_tgt 0.000000 (0.000000)
[2021-11-01 07:06:30,164 synthesis_task_kitti.py]     train_lpips_tgt 0.000000 (0.000000)
[2021-11-01 07:06:30,164 synthesis_task_kitti.py]     train_psnr_tgt 0.000000 (0.000000)
[2021-11-01 07:06:30,165 synthesis_task_kitti.py] Epoch finished, average losses: 
[2021-11-01 07:06:30,165 synthesis_task_kitti.py]     train_loss 0.000000 (0.000000)
[2021-11-01 07:06:30,165 synthesis_task_kitti.py]     train_loss_rgb_src 0.000000 (0.000000)
[2021-11-01 07:06:30,165 synthesis_task_kitti.py]     train_loss_ssim_src 0.000000 (0.000000)
[2021-11-01 07:06:30,166 synthesis_task_kitti.py]     train_loss_rgb_tgt 0.000000 (0.000000)
[2021-11-01 07:06:30,166 synthesis_task_kitti.py]     train_loss_ssim_tgt 0.000000 (0.000000)
[2021-11-01 07:06:30,166 synthesis_task_kitti.py]     train_lpips_tgt 0.000000 (0.000000)
[2021-11-01 07:06:30,166 synthesis_task_kitti.py]     train_psnr_tgt 0.000000 (0.000000)
[2021-11-01 07:06:30,167 synthesis_task_kitti.py] Epoch finished, average losses: 
[2021-11-01 07:06:30,167 synthesis_task_kitti.py]     train_loss 0.000000 (0.000000)
[2021-11-01 07:06:30,167 synthesis_task_kitti.py]     train_loss_rgb_src 0.000000 (0.000000)
[2021-11-01 07:06:30,167 synthesis_task_kitti.py]     train_loss_ssim_src 0.000000 (0.000000)
[2021-11-01 07:06:30,167 synthesis_task_kitti.py]     train_loss_rgb_tgt 0.000000 (0.000000)
[2021-11-01 07:06:30,167 synthesis_task_kitti.py]     train_loss_ssim_tgt 0.000000 (0.000000)
[2021-11-01 07:06:30,168 synthesis_task_kitti.py]     train_lpips_tgt 0.000000 (0.000000)
[2021-11-01 07:06:30,168 synthesis_task_kitti.py]     train_psnr_tgt 0.000000 (0.000000)
[2021-11-01 07:06:30,169 synthesis_task_kitti.py] Epoch finished, average losses: 
[2021-11-01 07:06:30,169 synthesis_task_kitti.py]     train_loss 0.000000 (0.000000)
[2021-11-01 07:06:30,169 synthesis_task_kitti.py]     train_loss_rgb_src 0.000000 (0.000000)
[2021-11-01 07:06:30,169 synthesis_task_kitti.py]     train_loss_ssim_src 0.000000 (0.000000)
[2021-11-01 07:06:30,169 synthesis_task_kitti.py]     train_loss_rgb_tgt 0.000000 (0.000000)
[2021-11-01 07:06:30,169 synthesis_task_kitti.py]     train_loss_ssim_tgt 0.000000 (0.000000)
[2021-11-01 07:06:30,169 synthesis_task_kitti.py]     train_lpips_tgt 0.000000 (0.000000)
[2021-11-01 07:06:30,169 synthesis_task_kitti.py]     train_psnr_tgt 0.000000 (0.000000)
[2021-11-01 07:06:30,171 synthesis_task_kitti.py] Epoch finished, average losses: 
[2021-11-01 07:06:30,171 synthesis_task_kitti.py]     train_loss 0.000000 (0.000000)
[2021-11-01 07:06:30,171 synthesis_task_kitti.py]     train_loss_rgb_src 0.000000 (0.000000)
[2021-11-01 07:06:30,171 synthesis_task_kitti.py]     train_loss_ssim_src 0.000000 (0.000000)
[2021-11-01 07:06:30,171 synthesis_task_kitti.py]     train_loss_rgb_tgt 0.000000 (0.000000)
[2021-11-01 07:06:30,171 synthesis_task_kitti.py]     train_loss_ssim_tgt 0.000000 (0.000000)
[2021-11-01 07:06:30,171 synthesis_task_kitti.py]     train_lpips_tgt 0.000000 (0.000000)
[2021-11-01 07:06:30,171 synthesis_task_kitti.py]     train_psnr_tgt 0.000000 (0.000000)
[2021-11-01 07:06:30,173 synthesis_task_kitti.py] Epoch finished, average losses: 
[2021-11-01 07:06:30,173 synthesis_task_kitti.py]     train_loss 0.000000 (0.000000)
[2021-11-01 07:06:30,173 synthesis_task_kitti.py]     train_loss_rgb_src 0.000000 (0.000000)
[2021-11-01 07:06:30,173 synthesis_task_kitti.py]     train_loss_ssim_src 0.000000 (0.000000)
[2021-11-01 07:06:30,173 synthesis_task_kitti.py]     train_loss_rgb_tgt 0.000000 (0.000000)
[2021-11-01 07:06:30,173 synthesis_task_kitti.py]     train_loss_ssim_tgt 0.000000 (0.000000)
[2021-11-01 07:06:30,173 synthesis_task_kitti.py]     train_lpips_tgt 0.000000 (0.000000)
[2021-11-01 07:06:30,173 synthesis_task_kitti.py]     train_psnr_tgt 0.000000 (0.000000)
[2021-11-01 07:06:30,174 synthesis_task_kitti.py] Epoch finished, average losses: 
[2021-11-01 07:06:30,174 synthesis_task_kitti.py]     train_loss 0.000000 (0.000000)
[2021-11-01 07:06:30,175 synthesis_task_kitti.py]     train_loss_rgb_src 0.000000 (0.000000)
[2021-11-01 07:06:30,175 synthesis_task_kitti.py]     train_loss_ssim_src 0.000000 (0.000000)
[2021-11-01 07:06:30,175 synthesis_task_kitti.py]     train_loss_rgb_tgt 0.000000 (0.000000)
[2021-11-01 07:06:30,175 synthesis_task_kitti.py]     train_loss_ssim_tgt 0.000000 (0.000000)
[2021-11-01 07:06:30,175 synthesis_task_kitti.py]     train_lpips_tgt 0.000000 (0.000000)
[2021-11-01 07:06:30,175 synthesis_task_kitti.py]     train_psnr_tgt 0.000000 (0.000000)
[2021-11-01 07:06:30,176 synthesis_task_kitti.py] Epoch finished, average losses: 
[2021-11-01 07:06:30,176 synthesis_task_kitti.py]     train_loss 0.000000 (0.000000)
[2021-11-01 07:06:30,176 synthesis_task_kitti.py]     train_loss_rgb_src 0.000000 (0.000000)
[2021-11-01 07:06:30,176 synthesis_task_kitti.py]     train_loss_ssim_src 0.000000 (0.000000)
[2021-11-01 07:06:30,177 synthesis_task_kitti.py]     train_loss_rgb_tgt 0.000000 (0.000000)
[2021-11-01 07:06:30,177 synthesis_task_kitti.py]     train_loss_ssim_tgt 0.000000 (0.000000)
[2021-11-01 07:06:30,177 synthesis_task_kitti.py]     train_lpips_tgt 0.000000 (0.000000)
[2021-11-01 07:06:30,177 synthesis_task_kitti.py]     train_psnr_tgt 0.000000 (0.000000)
[2021-11-01 07:06:30,178 synthesis_task_kitti.py] Epoch finished, average losses: 
[2021-11-01 07:06:30,178 synthesis_task_kitti.py]     train_loss 0.000000 (0.000000)
[2021-11-01 07:06:30,178 synthesis_task_kitti.py]     train_loss_rgb_src 0.000000 (0.000000)
[2021-11-01 07:06:30,178 synthesis_task_kitti.py]     train_loss_ssim_src 0.000000 (0.000000)
[2021-11-01 07:06:30,178 synthesis_task_kitti.py]     train_loss_rgb_tgt 0.000000 (0.000000)
[2021-11-01 07:06:30,178 synthesis_task_kitti.py]     train_loss_ssim_tgt 0.000000 (0.000000)
[2021-11-01 07:06:30,178 synthesis_task_kitti.py]     train_lpips_tgt 0.000000 (0.000000)
[2021-11-01 07:06:30,179 synthesis_task_kitti.py]     train_psnr_tgt 0.000000 (0.000000)
[2021-11-01 07:06:30,180 synthesis_task_kitti.py] Epoch finished, average losses: 
[2021-11-01 07:06:30,180 synthesis_task_kitti.py]     train_loss 0.000000 (0.000000)
[2021-11-01 07:06:30,180 synthesis_task_kitti.py]     train_loss_rgb_src 0.000000 (0.000000)
[2021-11-01 07:06:30,180 synthesis_task_kitti.py]     train_loss_ssim_src 0.000000 (0.000000)
[2021-11-01 07:06:30,180 synthesis_task_kitti.py]     train_loss_rgb_tgt 0.000000 (0.000000)
[2021-11-01 07:06:30,180 synthesis_task_kitti.py]     train_loss_ssim_tgt 0.000000 (0.000000)
[2021-11-01 07:06:30,180 synthesis_task_kitti.py]     train_lpips_tgt 0.000000 (0.000000)
[2021-11-01 07:06:30,180 synthesis_task_kitti.py]     train_psnr_tgt 0.000000 (0.000000)
[2021-11-01 07:06:30,182 synthesis_task_kitti.py] Epoch finished, average losses: 
[2021-11-01 07:06:30,182 synthesis_task_kitti.py]     train_loss 0.000000 (0.000000)
[2021-11-01 07:06:30,182 synthesis_task_kitti.py]     train_loss_rgb_src 0.000000 (0.000000)
[2021-11-01 07:06:30,182 synthesis_task_kitti.py]     train_loss_ssim_src 0.000000 (0.000000)
[2021-11-01 07:06:30,182 synthesis_task_kitti.py]     train_loss_rgb_tgt 0.000000 (0.000000)
[2021-11-01 07:06:30,182 synthesis_task_kitti.py]     train_loss_ssim_tgt 0.000000 (0.000000)
[2021-11-01 07:06:30,182 synthesis_task_kitti.py]     train_lpips_tgt 0.000000 (0.000000)
[2021-11-01 07:06:30,182 synthesis_task_kitti.py]     train_psnr_tgt 0.000000 (0.000000)
[2021-11-01 07:06:30,183 synthesis_task_kitti.py] Epoch finished, average losses: 
[2021-11-01 07:06:30,184 synthesis_task_kitti.py]     train_loss 0.000000 (0.000000)
[2021-11-01 07:06:30,184 synthesis_task_kitti.py]     train_loss_rgb_src 0.000000 (0.000000)
[2021-11-01 07:06:30,184 synthesis_task_kitti.py]     train_loss_ssim_src 0.000000 (0.000000)
[2021-11-01 07:06:30,184 synthesis_task_kitti.py]     train_loss_rgb_tgt 0.000000 (0.000000)
[2021-11-01 07:06:30,184 synthesis_task_kitti.py]     train_loss_ssim_tgt 0.000000 (0.000000)
[2021-11-01 07:06:30,184 synthesis_task_kitti.py]     train_lpips_tgt 0.000000 (0.000000)
[2021-11-01 07:06:30,184 synthesis_task_kitti.py]     train_psnr_tgt 0.000000 (0.000000)
[2021-11-01 07:06:30,185 synthesis_task_kitti.py] Epoch finished, average losses: 
[2021-11-01 07:06:30,185 synthesis_task_kitti.py]     train_loss 0.000000 (0.000000)
[2021-11-01 07:06:30,185 synthesis_task_kitti.py]     train_loss_rgb_src 0.000000 (0.000000)
[2021-11-01 07:06:30,186 synthesis_task_kitti.py]     train_loss_ssim_src 0.000000 (0.000000)
[2021-11-01 07:06:30,186 synthesis_task_kitti.py]     train_loss_rgb_tgt 0.000000 (0.000000)
[2021-11-01 07:06:30,186 synthesis_task_kitti.py]     train_loss_ssim_tgt 0.000000 (0.000000)
[2021-11-01 07:06:30,186 synthesis_task_kitti.py]     train_lpips_tgt 0.000000 (0.000000)
[2021-11-01 07:06:30,186 synthesis_task_kitti.py]     train_psnr_tgt 0.000000 (0.000000)
[2021-11-01 07:06:30,187 synthesis_task_kitti.py] Epoch finished, average losses: 
[2021-11-01 07:06:30,187 synthesis_task_kitti.py]     train_loss 0.000000 (0.000000)
[2021-11-01 07:06:30,187 synthesis_task_kitti.py]     train_loss_rgb_src 0.000000 (0.000000)
[2021-11-01 07:06:30,187 synthesis_task_kitti.py]     train_loss_ssim_src 0.000000 (0.000000)
[2021-11-01 07:06:30,187 synthesis_task_kitti.py]     train_loss_rgb_tgt 0.000000 (0.000000)
[2021-11-01 07:06:30,187 synthesis_task_kitti.py]     train_loss_ssim_tgt 0.000000 (0.000000)
[2021-11-01 07:06:30,188 synthesis_task_kitti.py]     train_lpips_tgt 0.000000 (0.000000)
[2021-11-01 07:06:30,188 synthesis_task_kitti.py]     train_psnr_tgt 0.000000 (0.000000)
[2021-11-01 07:06:30,189 synthesis_task_kitti.py] Epoch finished, average losses: 
[2021-11-01 07:06:30,189 synthesis_task_kitti.py]     train_loss 0.000000 (0.000000)
[2021-11-01 07:06:30,189 synthesis_task_kitti.py]     train_loss_rgb_src 0.000000 (0.000000)
[2021-11-01 07:06:30,189 synthesis_task_kitti.py]     train_loss_ssim_src 0.000000 (0.000000)
[2021-11-01 07:06:30,189 synthesis_task_kitti.py]     train_loss_rgb_tgt 0.000000 (0.000000)
[2021-11-01 07:06:30,189 synthesis_task_kitti.py]     train_loss_ssim_tgt 0.000000 (0.000000)
[2021-11-01 07:06:30,189 synthesis_task_kitti.py]     train_lpips_tgt 0.000000 (0.000000)
[2021-11-01 07:06:30,189 synthesis_task_kitti.py]     train_psnr_tgt 0.000000 (0.000000)
[2021-11-01 07:06:30,191 synthesis_task_kitti.py] Epoch finished, average losses: 
[2021-11-01 07:06:30,191 synthesis_task_kitti.py]     train_loss 0.000000 (0.000000)
[2021-11-01 07:06:30,191 synthesis_task_kitti.py]     train_loss_rgb_src 0.000000 (0.000000)
[2021-11-01 07:06:30,191 synthesis_task_kitti.py]     train_loss_ssim_src 0.000000 (0.000000)
[2021-11-01 07:06:30,191 synthesis_task_kitti.py]     train_loss_rgb_tgt 0.000000 (0.000000)
[2021-11-01 07:06:30,191 synthesis_task_kitti.py]     train_loss_ssim_tgt 0.000000 (0.000000)
[2021-11-01 07:06:30,191 synthesis_task_kitti.py]     train_lpips_tgt 0.000000 (0.000000)
[2021-11-01 07:06:30,191 synthesis_task_kitti.py]     train_psnr_tgt 0.000000 (0.000000)
[2021-11-01 07:06:30,193 synthesis_task_kitti.py] Epoch finished, average losses: 
[2021-11-01 07:06:30,193 synthesis_task_kitti.py]     train_loss 0.000000 (0.000000)
[2021-11-01 07:06:30,193 synthesis_task_kitti.py]     train_loss_rgb_src 0.000000 (0.000000)
[2021-11-01 07:06:30,193 synthesis_task_kitti.py]     train_loss_ssim_src 0.000000 (0.000000)
[2021-11-01 07:06:30,193 synthesis_task_kitti.py]     train_loss_rgb_tgt 0.000000 (0.000000)
[2021-11-01 07:06:30,193 synthesis_task_kitti.py]     train_loss_ssim_tgt 0.000000 (0.000000)
[2021-11-01 07:06:30,193 synthesis_task_kitti.py]     train_lpips_tgt 0.000000 (0.000000)
[2021-11-01 07:06:30,193 synthesis_task_kitti.py]     train_psnr_tgt 0.000000 (0.000000)
[2021-11-01 07:06:30,194 synthesis_task_kitti.py] Epoch finished, average losses: 
[2021-11-01 07:06:30,194 synthesis_task_kitti.py]     train_loss 0.000000 (0.000000)
[2021-11-01 07:06:30,195 synthesis_task_kitti.py]     train_loss_rgb_src 0.000000 (0.000000)
[2021-11-01 07:06:30,195 synthesis_task_kitti.py]     train_loss_ssim_src 0.000000 (0.000000)
[2021-11-01 07:06:30,195 synthesis_task_kitti.py]     train_loss_rgb_tgt 0.000000 (0.000000)
[2021-11-01 07:06:30,195 synthesis_task_kitti.py]     train_loss_ssim_tgt 0.000000 (0.000000)
[2021-11-01 07:06:30,195 synthesis_task_kitti.py]     train_lpips_tgt 0.000000 (0.000000)
[2021-11-01 07:06:30,195 synthesis_task_kitti.py]     train_psnr_tgt 0.000000 (0.000000)
[2021-11-01 07:06:30,196 synthesis_task_kitti.py] Epoch finished, average losses: 
[2021-11-01 07:06:30,196 synthesis_task_kitti.py]     train_loss 0.000000 (0.000000)
[2021-11-01 07:06:30,196 synthesis_task_kitti.py]     train_loss_rgb_src 0.000000 (0.000000)
[2021-11-01 07:06:30,196 synthesis_task_kitti.py]     train_loss_ssim_src 0.000000 (0.000000)
[2021-11-01 07:06:30,197 synthesis_task_kitti.py]     train_loss_rgb_tgt 0.000000 (0.000000)
[2021-11-01 07:06:30,197 synthesis_task_kitti.py]     train_loss_ssim_tgt 0.000000 (0.000000)
[2021-11-01 07:06:30,197 synthesis_task_kitti.py]     train_lpips_tgt 0.000000 (0.000000)
[2021-11-01 07:06:30,197 synthesis_task_kitti.py]     train_psnr_tgt 0.000000 (0.000000)
[2021-11-01 07:06:30,198 synthesis_task_kitti.py] Epoch finished, average losses: 
[2021-11-01 07:06:30,198 synthesis_task_kitti.py]     train_loss 0.000000 (0.000000)
[2021-11-01 07:06:30,198 synthesis_task_kitti.py]     train_loss_rgb_src 0.000000 (0.000000)
[2021-11-01 07:06:30,198 synthesis_task_kitti.py]     train_loss_ssim_src 0.000000 (0.000000)
[2021-11-01 07:06:30,198 synthesis_task_kitti.py]     train_loss_rgb_tgt 0.000000 (0.000000)
[2021-11-01 07:06:30,198 synthesis_task_kitti.py]     train_loss_ssim_tgt 0.000000 (0.000000)
[2021-11-01 07:06:30,199 synthesis_task_kitti.py]     train_lpips_tgt 0.000000 (0.000000)
[2021-11-01 07:06:30,199 synthesis_task_kitti.py]     train_psnr_tgt 0.000000 (0.000000)
[2021-11-01 07:06:30,200 synthesis_task_kitti.py] Epoch finished, average losses: 
[2021-11-01 07:06:30,200 synthesis_task_kitti.py]     train_loss 0.000000 (0.000000)
[2021-11-01 07:06:30,200 synthesis_task_kitti.py]     train_loss_rgb_src 0.000000 (0.000000)
[2021-11-01 07:06:30,200 synthesis_task_kitti.py]     train_loss_ssim_src 0.000000 (0.000000)
[2021-11-01 07:06:30,200 synthesis_task_kitti.py]     train_loss_rgb_tgt 0.000000 (0.000000)
[2021-11-01 07:06:30,200 synthesis_task_kitti.py]     train_loss_ssim_tgt 0.000000 (0.000000)
[2021-11-01 07:06:30,200 synthesis_task_kitti.py]     train_lpips_tgt 0.000000 (0.000000)
[2021-11-01 07:06:30,200 synthesis_task_kitti.py]     train_psnr_tgt 0.000000 (0.000000)
[2021-11-01 07:06:30,202 synthesis_task_kitti.py] Epoch finished, average losses: 
[2021-11-01 07:06:30,202 synthesis_task_kitti.py]     train_loss 0.000000 (0.000000)
[2021-11-01 07:06:30,202 synthesis_task_kitti.py]     train_loss_rgb_src 0.000000 (0.000000)
[2021-11-01 07:06:30,202 synthesis_task_kitti.py]     train_loss_ssim_src 0.000000 (0.000000)
[2021-11-01 07:06:30,202 synthesis_task_kitti.py]     train_loss_rgb_tgt 0.000000 (0.000000)
[2021-11-01 07:06:30,202 synthesis_task_kitti.py]     train_loss_ssim_tgt 0.000000 (0.000000)
[2021-11-01 07:06:30,202 synthesis_task_kitti.py]     train_lpips_tgt 0.000000 (0.000000)
[2021-11-01 07:06:30,202 synthesis_task_kitti.py]     train_psnr_tgt 0.000000 (0.000000)
[2021-11-01 07:06:30,204 synthesis_task_kitti.py] Epoch finished, average losses: 
[2021-11-01 07:06:30,204 synthesis_task_kitti.py]     train_loss 0.000000 (0.000000)
[2021-11-01 07:06:30,204 synthesis_task_kitti.py]     train_loss_rgb_src 0.000000 (0.000000)
[2021-11-01 07:06:30,204 synthesis_task_kitti.py]     train_loss_ssim_src 0.000000 (0.000000)
[2021-11-01 07:06:30,204 synthesis_task_kitti.py]     train_loss_rgb_tgt 0.000000 (0.000000)
[2021-11-01 07:06:30,204 synthesis_task_kitti.py]     train_loss_ssim_tgt 0.000000 (0.000000)
[2021-11-01 07:06:30,204 synthesis_task_kitti.py]     train_lpips_tgt 0.000000 (0.000000)
[2021-11-01 07:06:30,204 synthesis_task_kitti.py]     train_psnr_tgt 0.000000 (0.000000)
[2021-11-01 07:06:30,205 synthesis_task_kitti.py] Epoch finished, average losses: 
[2021-11-01 07:06:30,206 synthesis_task_kitti.py]     train_loss 0.000000 (0.000000)
[2021-11-01 07:06:30,206 synthesis_task_kitti.py]     train_loss_rgb_src 0.000000 (0.000000)
[2021-11-01 07:06:30,206 synthesis_task_kitti.py]     train_loss_ssim_src 0.000000 (0.000000)
[2021-11-01 07:06:30,206 synthesis_task_kitti.py]     train_loss_rgb_tgt 0.000000 (0.000000)
[2021-11-01 07:06:30,206 synthesis_task_kitti.py]     train_loss_ssim_tgt 0.000000 (0.000000)
[2021-11-01 07:06:30,206 synthesis_task_kitti.py]     train_lpips_tgt 0.000000 (0.000000)
[2021-11-01 07:06:30,206 synthesis_task_kitti.py]     train_psnr_tgt 0.000000 (0.000000)
[2021-11-01 07:06:30,207 synthesis_task_kitti.py] Epoch finished, average losses: 
[2021-11-01 07:06:30,207 synthesis_task_kitti.py]     train_loss 0.000000 (0.000000)
[2021-11-01 07:06:30,207 synthesis_task_kitti.py]     train_loss_rgb_src 0.000000 (0.000000)
[2021-11-01 07:06:30,208 synthesis_task_kitti.py]     train_loss_ssim_src 0.000000 (0.000000)
[2021-11-01 07:06:30,208 synthesis_task_kitti.py]     train_loss_rgb_tgt 0.000000 (0.000000)
[2021-11-01 07:06:30,208 synthesis_task_kitti.py]     train_loss_ssim_tgt 0.000000 (0.000000)
[2021-11-01 07:06:30,208 synthesis_task_kitti.py]     train_lpips_tgt 0.000000 (0.000000)
[2021-11-01 07:06:30,208 synthesis_task_kitti.py]     train_psnr_tgt 0.000000 (0.000000)
[2021-11-01 07:06:30,209 synthesis_task_kitti.py] Epoch finished, average losses: 
[2021-11-01 07:06:30,209 synthesis_task_kitti.py]     train_loss 0.000000 (0.000000)
[2021-11-01 07:06:30,209 synthesis_task_kitti.py]     train_loss_rgb_src 0.000000 (0.000000)
[2021-11-01 07:06:30,209 synthesis_task_kitti.py]     train_loss_ssim_src 0.000000 (0.000000)
[2021-11-01 07:06:30,209 synthesis_task_kitti.py]     train_loss_rgb_tgt 0.000000 (0.000000)
[2021-11-01 07:06:30,209 synthesis_task_kitti.py]     train_loss_ssim_tgt 0.000000 (0.000000)
[2021-11-01 07:06:30,210 synthesis_task_kitti.py]     train_lpips_tgt 0.000000 (0.000000)
[2021-11-01 07:06:30,210 synthesis_task_kitti.py]     train_psnr_tgt 0.000000 (0.000000)
[2021-11-01 07:06:30,211 synthesis_task_kitti.py] Epoch finished, average losses: 
[2021-11-01 07:06:30,211 synthesis_task_kitti.py]     train_loss 0.000000 (0.000000)
[2021-11-01 07:06:30,211 synthesis_task_kitti.py]     train_loss_rgb_src 0.000000 (0.000000)
[2021-11-01 07:06:30,211 synthesis_task_kitti.py]     train_loss_ssim_src 0.000000 (0.000000)
[2021-11-01 07:06:30,211 synthesis_task_kitti.py]     train_loss_rgb_tgt 0.000000 (0.000000)
[2021-11-01 07:06:30,211 synthesis_task_kitti.py]     train_loss_ssim_tgt 0.000000 (0.000000)
[2021-11-01 07:06:30,211 synthesis_task_kitti.py]     train_lpips_tgt 0.000000 (0.000000)
[2021-11-01 07:06:30,211 synthesis_task_kitti.py]     train_psnr_tgt 0.000000 (0.000000)
[2021-11-01 07:06:30,213 synthesis_task_kitti.py] Epoch finished, average losses: 
[2021-11-01 07:06:30,213 synthesis_task_kitti.py]     train_loss 0.000000 (0.000000)
[2021-11-01 07:06:30,213 synthesis_task_kitti.py]     train_loss_rgb_src 0.000000 (0.000000)
[2021-11-01 07:06:30,213 synthesis_task_kitti.py]     train_loss_ssim_src 0.000000 (0.000000)
[2021-11-01 07:06:30,213 synthesis_task_kitti.py]     train_loss_rgb_tgt 0.000000 (0.000000)
[2021-11-01 07:06:30,213 synthesis_task_kitti.py]     train_loss_ssim_tgt 0.000000 (0.000000)
[2021-11-01 07:06:30,213 synthesis_task_kitti.py]     train_lpips_tgt 0.000000 (0.000000)
[2021-11-01 07:06:30,213 synthesis_task_kitti.py]     train_psnr_tgt 0.000000 (0.000000)
[2021-11-01 07:06:30,215 synthesis_task_kitti.py] Epoch finished, average losses: 
[2021-11-01 07:06:30,215 synthesis_task_kitti.py]     train_loss 0.000000 (0.000000)
[2021-11-01 07:06:30,215 synthesis_task_kitti.py]     train_loss_rgb_src 0.000000 (0.000000)
[2021-11-01 07:06:30,215 synthesis_task_kitti.py]     train_loss_ssim_src 0.000000 (0.000000)
[2021-11-01 07:06:30,215 synthesis_task_kitti.py]     train_loss_rgb_tgt 0.000000 (0.000000)
[2021-11-01 07:06:30,215 synthesis_task_kitti.py]     train_loss_ssim_tgt 0.000000 (0.000000)
[2021-11-01 07:06:30,215 synthesis_task_kitti.py]     train_lpips_tgt 0.000000 (0.000000)
[2021-11-01 07:06:30,215 synthesis_task_kitti.py]     train_psnr_tgt 0.000000 (0.000000)
[2021-11-01 07:06:30,216 synthesis_task_kitti.py] Epoch finished, average losses: 
[2021-11-01 07:06:30,216 synthesis_task_kitti.py]     train_loss 0.000000 (0.000000)
[2021-11-01 07:06:30,217 synthesis_task_kitti.py]     train_loss_rgb_src 0.000000 (0.000000)
[2021-11-01 07:06:30,217 synthesis_task_kitti.py]     train_loss_ssim_src 0.000000 (0.000000)
[2021-11-01 07:06:30,217 synthesis_task_kitti.py]     train_loss_rgb_tgt 0.000000 (0.000000)
[2021-11-01 07:06:30,217 synthesis_task_kitti.py]     train_loss_ssim_tgt 0.000000 (0.000000)
[2021-11-01 07:06:30,217 synthesis_task_kitti.py]     train_lpips_tgt 0.000000 (0.000000)
[2021-11-01 07:06:30,217 synthesis_task_kitti.py]     train_psnr_tgt 0.000000 (0.000000)
[2021-11-01 07:06:30,218 synthesis_task_kitti.py] Epoch finished, average losses: 
[2021-11-01 07:06:30,218 synthesis_task_kitti.py]     train_loss 0.000000 (0.000000)
[2021-11-01 07:06:30,218 synthesis_task_kitti.py]     train_loss_rgb_src 0.000000 (0.000000)
[2021-11-01 07:06:30,218 synthesis_task_kitti.py]     train_loss_ssim_src 0.000000 (0.000000)
[2021-11-01 07:06:30,219 synthesis_task_kitti.py]     train_loss_rgb_tgt 0.000000 (0.000000)
[2021-11-01 07:06:30,219 synthesis_task_kitti.py]     train_loss_ssim_tgt 0.000000 (0.000000)
[2021-11-01 07:06:30,219 synthesis_task_kitti.py]     train_lpips_tgt 0.000000 (0.000000)
[2021-11-01 07:06:30,219 synthesis_task_kitti.py]     train_psnr_tgt 0.000000 (0.000000)
[2021-11-01 07:06:30,220 synthesis_task_kitti.py] Epoch finished, average losses: 
[2021-11-01 07:06:30,220 synthesis_task_kitti.py]     train_loss 0.000000 (0.000000)
[2021-11-01 07:06:30,220 synthesis_task_kitti.py]     train_loss_rgb_src 0.000000 (0.000000)
[2021-11-01 07:06:30,220 synthesis_task_kitti.py]     train_loss_ssim_src 0.000000 (0.000000)
[2021-11-01 07:06:30,220 synthesis_task_kitti.py]     train_loss_rgb_tgt 0.000000 (0.000000)
[2021-11-01 07:06:30,220 synthesis_task_kitti.py]     train_loss_ssim_tgt 0.000000 (0.000000)
[2021-11-01 07:06:30,221 synthesis_task_kitti.py]     train_lpips_tgt 0.000000 (0.000000)
[2021-11-01 07:06:30,221 synthesis_task_kitti.py]     train_psnr_tgt 0.000000 (0.000000)
[2021-11-01 07:06:30,222 synthesis_task_kitti.py] Epoch finished, average losses: 
[2021-11-01 07:06:30,222 synthesis_task_kitti.py]     train_loss 0.000000 (0.000000)
[2021-11-01 07:06:30,222 synthesis_task_kitti.py]     train_loss_rgb_src 0.000000 (0.000000)
[2021-11-01 07:06:30,222 synthesis_task_kitti.py]     train_loss_ssim_src 0.000000 (0.000000)
[2021-11-01 07:06:30,222 synthesis_task_kitti.py]     train_loss_rgb_tgt 0.000000 (0.000000)
[2021-11-01 07:06:30,222 synthesis_task_kitti.py]     train_loss_ssim_tgt 0.000000 (0.000000)
[2021-11-01 07:06:30,222 synthesis_task_kitti.py]     train_lpips_tgt 0.000000 (0.000000)
[2021-11-01 07:06:30,222 synthesis_task_kitti.py]     train_psnr_tgt 0.000000 (0.000000)
[2021-11-01 07:06:30,224 synthesis_task_kitti.py] Epoch finished, average losses: 
[2021-11-01 07:06:30,224 synthesis_task_kitti.py]     train_loss 0.000000 (0.000000)
[2021-11-01 07:06:30,224 synthesis_task_kitti.py]     train_loss_rgb_src 0.000000 (0.000000)
[2021-11-01 07:06:30,224 synthesis_task_kitti.py]     train_loss_ssim_src 0.000000 (0.000000)
[2021-11-01 07:06:30,224 synthesis_task_kitti.py]     train_loss_rgb_tgt 0.000000 (0.000000)
[2021-11-01 07:06:30,224 synthesis_task_kitti.py]     train_loss_ssim_tgt 0.000000 (0.000000)
[2021-11-01 07:06:30,224 synthesis_task_kitti.py]     train_lpips_tgt 0.000000 (0.000000)
[2021-11-01 07:06:30,224 synthesis_task_kitti.py]     train_psnr_tgt 0.000000 (0.000000)
[2021-11-01 07:06:30,225 synthesis_task_kitti.py] Epoch finished, average losses: 
[2021-11-01 07:06:30,226 synthesis_task_kitti.py]     train_loss 0.000000 (0.000000)
[2021-11-01 07:06:30,226 synthesis_task_kitti.py]     train_loss_rgb_src 0.000000 (0.000000)
[2021-11-01 07:06:30,226 synthesis_task_kitti.py]     train_loss_ssim_src 0.000000 (0.000000)
[2021-11-01 07:06:30,226 synthesis_task_kitti.py]     train_loss_rgb_tgt 0.000000 (0.000000)
[2021-11-01 07:06:30,226 synthesis_task_kitti.py]     train_loss_ssim_tgt 0.000000 (0.000000)
[2021-11-01 07:06:30,226 synthesis_task_kitti.py]     train_lpips_tgt 0.000000 (0.000000)
[2021-11-01 07:06:30,226 synthesis_task_kitti.py]     train_psnr_tgt 0.000000 (0.000000)
[2021-11-01 07:06:30,227 synthesis_task_kitti.py] Epoch finished, average losses: 
[2021-11-01 07:06:30,227 synthesis_task_kitti.py]     train_loss 0.000000 (0.000000)
[2021-11-01 07:06:30,227 synthesis_task_kitti.py]     train_loss_rgb_src 0.000000 (0.000000)
[2021-11-01 07:06:30,228 synthesis_task_kitti.py]     train_loss_ssim_src 0.000000 (0.000000)
[2021-11-01 07:06:30,228 synthesis_task_kitti.py]     train_loss_rgb_tgt 0.000000 (0.000000)
[2021-11-01 07:06:30,228 synthesis_task_kitti.py]     train_loss_ssim_tgt 0.000000 (0.000000)
[2021-11-01 07:06:30,228 synthesis_task_kitti.py]     train_lpips_tgt 0.000000 (0.000000)
[2021-11-01 07:06:30,228 synthesis_task_kitti.py]     train_psnr_tgt 0.000000 (0.000000)
[2021-11-01 07:06:30,229 synthesis_task_kitti.py] Epoch finished, average losses: 
[2021-11-01 07:06:30,229 synthesis_task_kitti.py]     train_loss 0.000000 (0.000000)
[2021-11-01 07:06:30,229 synthesis_task_kitti.py]     train_loss_rgb_src 0.000000 (0.000000)
[2021-11-01 07:06:30,229 synthesis_task_kitti.py]     train_loss_ssim_src 0.000000 (0.000000)
[2021-11-01 07:06:30,229 synthesis_task_kitti.py]     train_loss_rgb_tgt 0.000000 (0.000000)
[2021-11-01 07:06:30,230 synthesis_task_kitti.py]     train_loss_ssim_tgt 0.000000 (0.000000)
[2021-11-01 07:06:30,230 synthesis_task_kitti.py]     train_lpips_tgt 0.000000 (0.000000)
[2021-11-01 07:06:30,230 synthesis_task_kitti.py]     train_psnr_tgt 0.000000 (0.000000)
[2021-11-01 07:06:30,231 synthesis_task_kitti.py] Epoch finished, average losses: 
[2021-11-01 07:06:30,231 synthesis_task_kitti.py]     train_loss 0.000000 (0.000000)
[2021-11-01 07:06:30,231 synthesis_task_kitti.py]     train_loss_rgb_src 0.000000 (0.000000)
[2021-11-01 07:06:30,231 synthesis_task_kitti.py]     train_loss_ssim_src 0.000000 (0.000000)
[2021-11-01 07:06:30,231 synthesis_task_kitti.py]     train_loss_rgb_tgt 0.000000 (0.000000)
[2021-11-01 07:06:30,231 synthesis_task_kitti.py]     train_loss_ssim_tgt 0.000000 (0.000000)
[2021-11-01 07:06:30,231 synthesis_task_kitti.py]     train_lpips_tgt 0.000000 (0.000000)
[2021-11-01 07:06:30,232 synthesis_task_kitti.py]     train_psnr_tgt 0.000000 (0.000000)
[2021-11-01 07:06:30,233 synthesis_task_kitti.py] Epoch finished, average losses: 
[2021-11-01 07:06:30,233 synthesis_task_kitti.py]     train_loss 0.000000 (0.000000)
[2021-11-01 07:06:30,233 synthesis_task_kitti.py]     train_loss_rgb_src 0.000000 (0.000000)
[2021-11-01 07:06:30,233 synthesis_task_kitti.py]     train_loss_ssim_src 0.000000 (0.000000)
[2021-11-01 07:06:30,233 synthesis_task_kitti.py]     train_loss_rgb_tgt 0.000000 (0.000000)
[2021-11-01 07:06:30,233 synthesis_task_kitti.py]     train_loss_ssim_tgt 0.000000 (0.000000)
[2021-11-01 07:06:30,233 synthesis_task_kitti.py]     train_lpips_tgt 0.000000 (0.000000)
[2021-11-01 07:06:30,233 synthesis_task_kitti.py]     train_psnr_tgt 0.000000 (0.000000)
[2021-11-01 07:06:30,235 synthesis_task_kitti.py] Epoch finished, average losses: 
[2021-11-01 07:06:30,235 synthesis_task_kitti.py]     train_loss 0.000000 (0.000000)
[2021-11-01 07:06:30,235 synthesis_task_kitti.py]     train_loss_rgb_src 0.000000 (0.000000)
[2021-11-01 07:06:30,235 synthesis_task_kitti.py]     train_loss_ssim_src 0.000000 (0.000000)
[2021-11-01 07:06:30,235 synthesis_task_kitti.py]     train_loss_rgb_tgt 0.000000 (0.000000)
[2021-11-01 07:06:30,235 synthesis_task_kitti.py]     train_loss_ssim_tgt 0.000000 (0.000000)
[2021-11-01 07:06:30,235 synthesis_task_kitti.py]     train_lpips_tgt 0.000000 (0.000000)
[2021-11-01 07:06:30,235 synthesis_task_kitti.py]     train_psnr_tgt 0.000000 (0.000000)
[2021-11-01 07:06:30,236 synthesis_task_kitti.py] Epoch finished, average losses: 
[2021-11-01 07:06:30,237 synthesis_task_kitti.py]     train_loss 0.000000 (0.000000)
[2021-11-01 07:06:30,237 synthesis_task_kitti.py]     train_loss_rgb_src 0.000000 (0.000000)
[2021-11-01 07:06:30,237 synthesis_task_kitti.py]     train_loss_ssim_src 0.000000 (0.000000)
[2021-11-01 07:06:30,237 synthesis_task_kitti.py]     train_loss_rgb_tgt 0.000000 (0.000000)
[2021-11-01 07:06:30,237 synthesis_task_kitti.py]     train_loss_ssim_tgt 0.000000 (0.000000)
[2021-11-01 07:06:30,237 synthesis_task_kitti.py]     train_lpips_tgt 0.000000 (0.000000)
[2021-11-01 07:06:30,237 synthesis_task_kitti.py]     train_psnr_tgt 0.000000 (0.000000)
[2021-11-01 07:06:30,238 synthesis_task_kitti.py] Epoch finished, average losses: 
[2021-11-01 07:06:30,238 synthesis_task_kitti.py]     train_loss 0.000000 (0.000000)
[2021-11-01 07:06:30,238 synthesis_task_kitti.py]     train_loss_rgb_src 0.000000 (0.000000)
[2021-11-01 07:06:30,239 synthesis_task_kitti.py]     train_loss_ssim_src 0.000000 (0.000000)
[2021-11-01 07:06:30,239 synthesis_task_kitti.py]     train_loss_rgb_tgt 0.000000 (0.000000)
[2021-11-01 07:06:30,239 synthesis_task_kitti.py]     train_loss_ssim_tgt 0.000000 (0.000000)
[2021-11-01 07:06:30,239 synthesis_task_kitti.py]     train_lpips_tgt 0.000000 (0.000000)
[2021-11-01 07:06:30,239 synthesis_task_kitti.py]     train_psnr_tgt 0.000000 (0.000000)
[2021-11-01 07:06:30,240 synthesis_task_kitti.py] Epoch finished, average losses: 
[2021-11-01 07:06:30,240 synthesis_task_kitti.py]     train_loss 0.000000 (0.000000)
[2021-11-01 07:06:30,240 synthesis_task_kitti.py]     train_loss_rgb_src 0.000000 (0.000000)
[2021-11-01 07:06:30,240 synthesis_task_kitti.py]     train_loss_ssim_src 0.000000 (0.000000)
[2021-11-01 07:06:30,240 synthesis_task_kitti.py]     train_loss_rgb_tgt 0.000000 (0.000000)
[2021-11-01 07:06:30,240 synthesis_task_kitti.py]     train_loss_ssim_tgt 0.000000 (0.000000)
[2021-11-01 07:06:30,241 synthesis_task_kitti.py]     train_lpips_tgt 0.000000 (0.000000)
[2021-11-01 07:06:30,241 synthesis_task_kitti.py]     train_psnr_tgt 0.000000 (0.000000)
[2021-11-01 07:06:30,242 synthesis_task_kitti.py] Epoch finished, average losses: 
[2021-11-01 07:06:30,242 synthesis_task_kitti.py]     train_loss 0.000000 (0.000000)
[2021-11-01 07:06:30,242 synthesis_task_kitti.py]     train_loss_rgb_src 0.000000 (0.000000)
[2021-11-01 07:06:30,242 synthesis_task_kitti.py]     train_loss_ssim_src 0.000000 (0.000000)
[2021-11-01 07:06:30,242 synthesis_task_kitti.py]     train_loss_rgb_tgt 0.000000 (0.000000)
[2021-11-01 07:06:30,242 synthesis_task_kitti.py]     train_loss_ssim_tgt 0.000000 (0.000000)
[2021-11-01 07:06:30,242 synthesis_task_kitti.py]     train_lpips_tgt 0.000000 (0.000000)
[2021-11-01 07:06:30,242 synthesis_task_kitti.py]     train_psnr_tgt 0.000000 (0.000000)
[2021-11-01 07:06:30,244 synthesis_task_kitti.py] Epoch finished, average losses: 
[2021-11-01 07:06:30,244 synthesis_task_kitti.py]     train_loss 0.000000 (0.000000)
[2021-11-01 07:06:30,244 synthesis_task_kitti.py]     train_loss_rgb_src 0.000000 (0.000000)
[2021-11-01 07:06:30,244 synthesis_task_kitti.py]     train_loss_ssim_src 0.000000 (0.000000)
[2021-11-01 07:06:30,244 synthesis_task_kitti.py]     train_loss_rgb_tgt 0.000000 (0.000000)
[2021-11-01 07:06:30,244 synthesis_task_kitti.py]     train_loss_ssim_tgt 0.000000 (0.000000)
[2021-11-01 07:06:30,244 synthesis_task_kitti.py]     train_lpips_tgt 0.000000 (0.000000)
[2021-11-01 07:06:30,244 synthesis_task_kitti.py]     train_psnr_tgt 0.000000 (0.000000)
[2021-11-01 07:06:30,245 synthesis_task_kitti.py] Epoch finished, average losses: 
[2021-11-01 07:06:30,246 synthesis_task_kitti.py]     train_loss 0.000000 (0.000000)
[2021-11-01 07:06:30,246 synthesis_task_kitti.py]     train_loss_rgb_src 0.000000 (0.000000)
[2021-11-01 07:06:30,246 synthesis_task_kitti.py]     train_loss_ssim_src 0.000000 (0.000000)
[2021-11-01 07:06:30,246 synthesis_task_kitti.py]     train_loss_rgb_tgt 0.000000 (0.000000)
[2021-11-01 07:06:30,246 synthesis_task_kitti.py]     train_loss_ssim_tgt 0.000000 (0.000000)
[2021-11-01 07:06:30,246 synthesis_task_kitti.py]     train_lpips_tgt 0.000000 (0.000000)
[2021-11-01 07:06:30,246 synthesis_task_kitti.py]     train_psnr_tgt 0.000000 (0.000000)
[2021-11-01 07:06:30,247 synthesis_task_kitti.py] Epoch finished, average losses: 
[2021-11-01 07:06:30,247 synthesis_task_kitti.py]     train_loss 0.000000 (0.000000)
[2021-11-01 07:06:30,248 synthesis_task_kitti.py]     train_loss_rgb_src 0.000000 (0.000000)
[2021-11-01 07:06:30,248 synthesis_task_kitti.py]     train_loss_ssim_src 0.000000 (0.000000)
[2021-11-01 07:06:30,248 synthesis_task_kitti.py]     train_loss_rgb_tgt 0.000000 (0.000000)
[2021-11-01 07:06:30,248 synthesis_task_kitti.py]     train_loss_ssim_tgt 0.000000 (0.000000)
[2021-11-01 07:06:30,248 synthesis_task_kitti.py]     train_lpips_tgt 0.000000 (0.000000)
[2021-11-01 07:06:30,248 synthesis_task_kitti.py]     train_psnr_tgt 0.000000 (0.000000)
[2021-11-01 07:06:30,249 synthesis_task_kitti.py] Epoch finished, average losses: 
[2021-11-01 07:06:30,249 synthesis_task_kitti.py]     train_loss 0.000000 (0.000000)
[2021-11-01 07:06:30,249 synthesis_task_kitti.py]     train_loss_rgb_src 0.000000 (0.000000)
[2021-11-01 07:06:30,249 synthesis_task_kitti.py]     train_loss_ssim_src 0.000000 (0.000000)
[2021-11-01 07:06:30,249 synthesis_task_kitti.py]     train_loss_rgb_tgt 0.000000 (0.000000)
[2021-11-01 07:06:30,250 synthesis_task_kitti.py]     train_loss_ssim_tgt 0.000000 (0.000000)
[2021-11-01 07:06:30,250 synthesis_task_kitti.py]     train_lpips_tgt 0.000000 (0.000000)
[2021-11-01 07:06:30,250 synthesis_task_kitti.py]     train_psnr_tgt 0.000000 (0.000000)
[2021-11-01 07:06:30,251 synthesis_task_kitti.py] Epoch finished, average losses: 
[2021-11-01 07:06:30,251 synthesis_task_kitti.py]     train_loss 0.000000 (0.000000)
[2021-11-01 07:06:30,251 synthesis_task_kitti.py]     train_loss_rgb_src 0.000000 (0.000000)
[2021-11-01 07:06:30,251 synthesis_task_kitti.py]     train_loss_ssim_src 0.000000 (0.000000)
[2021-11-01 07:06:30,252 synthesis_task_kitti.py]     train_loss_rgb_tgt 0.000000 (0.000000)
[2021-11-01 07:06:30,252 synthesis_task_kitti.py]     train_loss_ssim_tgt 0.000000 (0.000000)
[2021-11-01 07:06:30,252 synthesis_task_kitti.py]     train_lpips_tgt 0.000000 (0.000000)
[2021-11-01 07:06:30,252 synthesis_task_kitti.py]     train_psnr_tgt 0.000000 (0.000000)
[2021-11-01 07:06:30,253 synthesis_task_kitti.py] Epoch finished, average losses: 
[2021-11-01 07:06:30,254 synthesis_task_kitti.py]     train_loss 0.000000 (0.000000)
[2021-11-01 07:06:30,254 synthesis_task_kitti.py]     train_loss_rgb_src 0.000000 (0.000000)
[2021-11-01 07:06:30,254 synthesis_task_kitti.py]     train_loss_ssim_src 0.000000 (0.000000)
[2021-11-01 07:06:30,254 synthesis_task_kitti.py]     train_loss_rgb_tgt 0.000000 (0.000000)
[2021-11-01 07:06:30,254 synthesis_task_kitti.py]     train_loss_ssim_tgt 0.000000 (0.000000)
[2021-11-01 07:06:30,254 synthesis_task_kitti.py]     train_lpips_tgt 0.000000 (0.000000)
[2021-11-01 07:06:30,254 synthesis_task_kitti.py]     train_psnr_tgt 0.000000 (0.000000)
[2021-11-01 07:06:30,255 synthesis_task_kitti.py] Epoch finished, average losses: 
[2021-11-01 07:06:30,255 synthesis_task_kitti.py]     train_loss 0.000000 (0.000000)
[2021-11-01 07:06:30,255 synthesis_task_kitti.py]     train_loss_rgb_src 0.000000 (0.000000)
[2021-11-01 07:06:30,256 synthesis_task_kitti.py]     train_loss_ssim_src 0.000000 (0.000000)
[2021-11-01 07:06:30,256 synthesis_task_kitti.py]     train_loss_rgb_tgt 0.000000 (0.000000)
[2021-11-01 07:06:30,256 synthesis_task_kitti.py]     train_loss_ssim_tgt 0.000000 (0.000000)
[2021-11-01 07:06:30,256 synthesis_task_kitti.py]     train_lpips_tgt 0.000000 (0.000000)
[2021-11-01 07:06:30,256 synthesis_task_kitti.py]     train_psnr_tgt 0.000000 (0.000000)
[2021-11-01 07:06:30,257 synthesis_task_kitti.py] Epoch finished, average losses: 
[2021-11-01 07:06:30,257 synthesis_task_kitti.py]     train_loss 0.000000 (0.000000)
[2021-11-01 07:06:30,257 synthesis_task_kitti.py]     train_loss_rgb_src 0.000000 (0.000000)
[2021-11-01 07:06:30,257 synthesis_task_kitti.py]     train_loss_ssim_src 0.000000 (0.000000)
[2021-11-01 07:06:30,257 synthesis_task_kitti.py]     train_loss_rgb_tgt 0.000000 (0.000000)
[2021-11-01 07:06:30,258 synthesis_task_kitti.py]     train_loss_ssim_tgt 0.000000 (0.000000)
[2021-11-01 07:06:30,258 synthesis_task_kitti.py]     train_lpips_tgt 0.000000 (0.000000)
[2021-11-01 07:06:30,258 synthesis_task_kitti.py]     train_psnr_tgt 0.000000 (0.000000)
[2021-11-01 07:06:30,259 synthesis_task_kitti.py] Epoch finished, average losses: 
[2021-11-01 07:06:30,259 synthesis_task_kitti.py]     train_loss 0.000000 (0.000000)
[2021-11-01 07:06:30,259 synthesis_task_kitti.py]     train_loss_rgb_src 0.000000 (0.000000)
[2021-11-01 07:06:30,259 synthesis_task_kitti.py]     train_loss_ssim_src 0.000000 (0.000000)
[2021-11-01 07:06:30,259 synthesis_task_kitti.py]     train_loss_rgb_tgt 0.000000 (0.000000)
[2021-11-01 07:06:30,259 synthesis_task_kitti.py]     train_loss_ssim_tgt 0.000000 (0.000000)
[2021-11-01 07:06:30,259 synthesis_task_kitti.py]     train_lpips_tgt 0.000000 (0.000000)
[2021-11-01 07:06:30,260 synthesis_task_kitti.py]     train_psnr_tgt 0.000000 (0.000000)
[2021-11-01 07:06:30,261 synthesis_task_kitti.py] Epoch finished, average losses: 
[2021-11-01 07:06:30,261 synthesis_task_kitti.py]     train_loss 0.000000 (0.000000)
[2021-11-01 07:06:30,261 synthesis_task_kitti.py]     train_loss_rgb_src 0.000000 (0.000000)
[2021-11-01 07:06:30,261 synthesis_task_kitti.py]     train_loss_ssim_src 0.000000 (0.000000)
[2021-11-01 07:06:30,261 synthesis_task_kitti.py]     train_loss_rgb_tgt 0.000000 (0.000000)
[2021-11-01 07:06:30,261 synthesis_task_kitti.py]     train_loss_ssim_tgt 0.000000 (0.000000)
[2021-11-01 07:06:30,261 synthesis_task_kitti.py]     train_lpips_tgt 0.000000 (0.000000)
[2021-11-01 07:06:30,261 synthesis_task_kitti.py]     train_psnr_tgt 0.000000 (0.000000)
[2021-11-01 07:06:30,263 synthesis_task_kitti.py] Epoch finished, average losses: 
[2021-11-01 07:06:30,263 synthesis_task_kitti.py]     train_loss 0.000000 (0.000000)
[2021-11-01 07:06:30,263 synthesis_task_kitti.py]     train_loss_rgb_src 0.000000 (0.000000)
[2021-11-01 07:06:30,263 synthesis_task_kitti.py]     train_loss_ssim_src 0.000000 (0.000000)
[2021-11-01 07:06:30,263 synthesis_task_kitti.py]     train_loss_rgb_tgt 0.000000 (0.000000)
[2021-11-01 07:06:30,263 synthesis_task_kitti.py]     train_loss_ssim_tgt 0.000000 (0.000000)
[2021-11-01 07:06:30,263 synthesis_task_kitti.py]     train_lpips_tgt 0.000000 (0.000000)
[2021-11-01 07:06:30,263 synthesis_task_kitti.py]     train_psnr_tgt 0.000000 (0.000000)
[2021-11-01 07:06:30,264 synthesis_task_kitti.py] Epoch finished, average losses: 
[2021-11-01 07:06:30,265 synthesis_task_kitti.py]     train_loss 0.000000 (0.000000)
[2021-11-01 07:06:30,265 synthesis_task_kitti.py]     train_loss_rgb_src 0.000000 (0.000000)
[2021-11-01 07:06:30,265 synthesis_task_kitti.py]     train_loss_ssim_src 0.000000 (0.000000)
[2021-11-01 07:06:30,265 synthesis_task_kitti.py]     train_loss_rgb_tgt 0.000000 (0.000000)
[2021-11-01 07:06:30,265 synthesis_task_kitti.py]     train_loss_ssim_tgt 0.000000 (0.000000)
[2021-11-01 07:06:30,265 synthesis_task_kitti.py]     train_lpips_tgt 0.000000 (0.000000)
[2021-11-01 07:06:30,265 synthesis_task_kitti.py]     train_psnr_tgt 0.000000 (0.000000)
[2021-11-01 07:06:30,266 synthesis_task_kitti.py] Epoch finished, average losses: 
[2021-11-01 07:06:30,266 synthesis_task_kitti.py]     train_loss 0.000000 (0.000000)
[2021-11-01 07:06:30,267 synthesis_task_kitti.py]     train_loss_rgb_src 0.000000 (0.000000)
[2021-11-01 07:06:30,267 synthesis_task_kitti.py]     train_loss_ssim_src 0.000000 (0.000000)
[2021-11-01 07:06:30,267 synthesis_task_kitti.py]     train_loss_rgb_tgt 0.000000 (0.000000)
[2021-11-01 07:06:30,267 synthesis_task_kitti.py]     train_loss_ssim_tgt 0.000000 (0.000000)
[2021-11-01 07:06:30,267 synthesis_task_kitti.py]     train_lpips_tgt 0.000000 (0.000000)
[2021-11-01 07:06:30,267 synthesis_task_kitti.py]     train_psnr_tgt 0.000000 (0.000000)
[2021-11-01 07:06:30,268 synthesis_task_kitti.py] Epoch finished, average losses: 
[2021-11-01 07:06:30,268 synthesis_task_kitti.py]     train_loss 0.000000 (0.000000)
[2021-11-01 07:06:30,268 synthesis_task_kitti.py]     train_loss_rgb_src 0.000000 (0.000000)
[2021-11-01 07:06:30,268 synthesis_task_kitti.py]     train_loss_ssim_src 0.000000 (0.000000)
[2021-11-01 07:06:30,268 synthesis_task_kitti.py]     train_loss_rgb_tgt 0.000000 (0.000000)
[2021-11-01 07:06:30,269 synthesis_task_kitti.py]     train_loss_ssim_tgt 0.000000 (0.000000)
[2021-11-01 07:06:30,269 synthesis_task_kitti.py]     train_lpips_tgt 0.000000 (0.000000)
[2021-11-01 07:06:30,269 synthesis_task_kitti.py]     train_psnr_tgt 0.000000 (0.000000)
[2021-11-01 07:06:30,270 synthesis_task_kitti.py] Epoch finished, average losses: 
[2021-11-01 07:06:30,270 synthesis_task_kitti.py]     train_loss 0.000000 (0.000000)
[2021-11-01 07:06:30,270 synthesis_task_kitti.py]     train_loss_rgb_src 0.000000 (0.000000)
[2021-11-01 07:06:30,270 synthesis_task_kitti.py]     train_loss_ssim_src 0.000000 (0.000000)
[2021-11-01 07:06:30,270 synthesis_task_kitti.py]     train_loss_rgb_tgt 0.000000 (0.000000)
[2021-11-01 07:06:30,270 synthesis_task_kitti.py]     train_loss_ssim_tgt 0.000000 (0.000000)
[2021-11-01 07:06:30,270 synthesis_task_kitti.py]     train_lpips_tgt 0.000000 (0.000000)
[2021-11-01 07:06:30,271 synthesis_task_kitti.py]     train_psnr_tgt 0.000000 (0.000000)
[2021-11-01 07:06:30,272 synthesis_task_kitti.py] Epoch finished, average losses: 
[2021-11-01 07:06:30,272 synthesis_task_kitti.py]     train_loss 0.000000 (0.000000)
[2021-11-01 07:06:30,272 synthesis_task_kitti.py]     train_loss_rgb_src 0.000000 (0.000000)
[2021-11-01 07:06:30,272 synthesis_task_kitti.py]     train_loss_ssim_src 0.000000 (0.000000)
[2021-11-01 07:06:30,272 synthesis_task_kitti.py]     train_loss_rgb_tgt 0.000000 (0.000000)
[2021-11-01 07:06:30,273 synthesis_task_kitti.py]     train_loss_ssim_tgt 0.000000 (0.000000)
[2021-11-01 07:06:30,273 synthesis_task_kitti.py]     train_lpips_tgt 0.000000 (0.000000)
[2021-11-01 07:06:30,273 synthesis_task_kitti.py]     train_psnr_tgt 0.000000 (0.000000)
[2021-11-01 07:06:30,274 synthesis_task_kitti.py] Epoch finished, average losses: 
[2021-11-01 07:06:30,274 synthesis_task_kitti.py]     train_loss 0.000000 (0.000000)
[2021-11-01 07:06:30,274 synthesis_task_kitti.py]     train_loss_rgb_src 0.000000 (0.000000)
[2021-11-01 07:06:30,274 synthesis_task_kitti.py]     train_loss_ssim_src 0.000000 (0.000000)
[2021-11-01 07:06:30,274 synthesis_task_kitti.py]     train_loss_rgb_tgt 0.000000 (0.000000)
[2021-11-01 07:06:30,274 synthesis_task_kitti.py]     train_loss_ssim_tgt 0.000000 (0.000000)
[2021-11-01 07:06:30,274 synthesis_task_kitti.py]     train_lpips_tgt 0.000000 (0.000000)
[2021-11-01 07:06:30,275 synthesis_task_kitti.py]     train_psnr_tgt 0.000000 (0.000000)
[2021-11-01 07:06:30,276 synthesis_task_kitti.py] Epoch finished, average losses: 
[2021-11-01 07:06:30,276 synthesis_task_kitti.py]     train_loss 0.000000 (0.000000)
[2021-11-01 07:06:30,276 synthesis_task_kitti.py]     train_loss_rgb_src 0.000000 (0.000000)
[2021-11-01 07:06:30,276 synthesis_task_kitti.py]     train_loss_ssim_src 0.000000 (0.000000)
[2021-11-01 07:06:30,276 synthesis_task_kitti.py]     train_loss_rgb_tgt 0.000000 (0.000000)
[2021-11-01 07:06:30,276 synthesis_task_kitti.py]     train_loss_ssim_tgt 0.000000 (0.000000)
[2021-11-01 07:06:30,276 synthesis_task_kitti.py]     train_lpips_tgt 0.000000 (0.000000)
[2021-11-01 07:06:30,276 synthesis_task_kitti.py]     train_psnr_tgt 0.000000 (0.000000)
[2021-11-01 07:06:30,278 synthesis_task_kitti.py] Epoch finished, average losses: 
[2021-11-01 07:06:30,278 synthesis_task_kitti.py]     train_loss 0.000000 (0.000000)
[2021-11-01 07:06:30,278 synthesis_task_kitti.py]     train_loss_rgb_src 0.000000 (0.000000)
[2021-11-01 07:06:30,278 synthesis_task_kitti.py]     train_loss_ssim_src 0.000000 (0.000000)
[2021-11-01 07:06:30,278 synthesis_task_kitti.py]     train_loss_rgb_tgt 0.000000 (0.000000)
[2021-11-01 07:06:30,278 synthesis_task_kitti.py]     train_loss_ssim_tgt 0.000000 (0.000000)
[2021-11-01 07:06:30,278 synthesis_task_kitti.py]     train_lpips_tgt 0.000000 (0.000000)
[2021-11-01 07:06:30,278 synthesis_task_kitti.py]     train_psnr_tgt 0.000000 (0.000000)
[2021-11-01 07:06:30,279 synthesis_task_kitti.py] Epoch finished, average losses: 
[2021-11-01 07:06:30,280 synthesis_task_kitti.py]     train_loss 0.000000 (0.000000)
[2021-11-01 07:06:30,280 synthesis_task_kitti.py]     train_loss_rgb_src 0.000000 (0.000000)
[2021-11-01 07:06:30,280 synthesis_task_kitti.py]     train_loss_ssim_src 0.000000 (0.000000)
[2021-11-01 07:06:30,280 synthesis_task_kitti.py]     train_loss_rgb_tgt 0.000000 (0.000000)
[2021-11-01 07:06:30,280 synthesis_task_kitti.py]     train_loss_ssim_tgt 0.000000 (0.000000)
[2021-11-01 07:06:30,280 synthesis_task_kitti.py]     train_lpips_tgt 0.000000 (0.000000)
[2021-11-01 07:06:30,280 synthesis_task_kitti.py]     train_psnr_tgt 0.000000 (0.000000)
[2021-11-01 07:06:30,281 synthesis_task_kitti.py] Epoch finished, average losses: 
[2021-11-01 07:06:30,281 synthesis_task_kitti.py]     train_loss 0.000000 (0.000000)
[2021-11-01 07:06:30,281 synthesis_task_kitti.py]     train_loss_rgb_src 0.000000 (0.000000)
[2021-11-01 07:06:30,282 synthesis_task_kitti.py]     train_loss_ssim_src 0.000000 (0.000000)
[2021-11-01 07:06:30,282 synthesis_task_kitti.py]     train_loss_rgb_tgt 0.000000 (0.000000)
[2021-11-01 07:06:30,282 synthesis_task_kitti.py]     train_loss_ssim_tgt 0.000000 (0.000000)
[2021-11-01 07:06:30,282 synthesis_task_kitti.py]     train_lpips_tgt 0.000000 (0.000000)
[2021-11-01 07:06:30,282 synthesis_task_kitti.py]     train_psnr_tgt 0.000000 (0.000000)
[2021-11-01 07:06:30,283 synthesis_task_kitti.py] Epoch finished, average losses: 
[2021-11-01 07:06:30,283 synthesis_task_kitti.py]     train_loss 0.000000 (0.000000)
[2021-11-01 07:06:30,283 synthesis_task_kitti.py]     train_loss_rgb_src 0.000000 (0.000000)
[2021-11-01 07:06:30,283 synthesis_task_kitti.py]     train_loss_ssim_src 0.000000 (0.000000)
[2021-11-01 07:06:30,283 synthesis_task_kitti.py]     train_loss_rgb_tgt 0.000000 (0.000000)
[2021-11-01 07:06:30,284 synthesis_task_kitti.py]     train_loss_ssim_tgt 0.000000 (0.000000)
[2021-11-01 07:06:30,284 synthesis_task_kitti.py]     train_lpips_tgt 0.000000 (0.000000)
[2021-11-01 07:06:30,284 synthesis_task_kitti.py]     train_psnr_tgt 0.000000 (0.000000)
[2021-11-01 07:06:30,285 synthesis_task_kitti.py] Epoch finished, average losses: 
[2021-11-01 07:06:30,285 synthesis_task_kitti.py]     train_loss 0.000000 (0.000000)
[2021-11-01 07:06:30,285 synthesis_task_kitti.py]     train_loss_rgb_src 0.000000 (0.000000)
[2021-11-01 07:06:30,285 synthesis_task_kitti.py]     train_loss_ssim_src 0.000000 (0.000000)
[2021-11-01 07:06:30,285 synthesis_task_kitti.py]     train_loss_rgb_tgt 0.000000 (0.000000)
[2021-11-01 07:06:30,285 synthesis_task_kitti.py]     train_loss_ssim_tgt 0.000000 (0.000000)
[2021-11-01 07:06:30,285 synthesis_task_kitti.py]     train_lpips_tgt 0.000000 (0.000000)
[2021-11-01 07:06:30,286 synthesis_task_kitti.py]     train_psnr_tgt 0.000000 (0.000000)
[2021-11-01 07:06:30,287 synthesis_task_kitti.py] Epoch finished, average losses: 
[2021-11-01 07:06:30,287 synthesis_task_kitti.py]     train_loss 0.000000 (0.000000)
[2021-11-01 07:06:30,287 synthesis_task_kitti.py]     train_loss_rgb_src 0.000000 (0.000000)
[2021-11-01 07:06:30,287 synthesis_task_kitti.py]     train_loss_ssim_src 0.000000 (0.000000)
[2021-11-01 07:06:30,287 synthesis_task_kitti.py]     train_loss_rgb_tgt 0.000000 (0.000000)
[2021-11-01 07:06:30,287 synthesis_task_kitti.py]     train_loss_ssim_tgt 0.000000 (0.000000)
[2021-11-01 07:06:30,287 synthesis_task_kitti.py]     train_lpips_tgt 0.000000 (0.000000)
[2021-11-01 07:06:30,287 synthesis_task_kitti.py]     train_psnr_tgt 0.000000 (0.000000)
[2021-11-01 07:06:30,289 synthesis_task_kitti.py] Epoch finished, average losses: 
[2021-11-01 07:06:30,289 synthesis_task_kitti.py]     train_loss 0.000000 (0.000000)
[2021-11-01 07:06:30,289 synthesis_task_kitti.py]     train_loss_rgb_src 0.000000 (0.000000)
[2021-11-01 07:06:30,289 synthesis_task_kitti.py]     train_loss_ssim_src 0.000000 (0.000000)
[2021-11-01 07:06:30,289 synthesis_task_kitti.py]     train_loss_rgb_tgt 0.000000 (0.000000)
[2021-11-01 07:06:30,289 synthesis_task_kitti.py]     train_loss_ssim_tgt 0.000000 (0.000000)
[2021-11-01 07:06:30,289 synthesis_task_kitti.py]     train_lpips_tgt 0.000000 (0.000000)
[2021-11-01 07:06:30,289 synthesis_task_kitti.py]     train_psnr_tgt 0.000000 (0.000000)
[2021-11-01 07:06:30,290 synthesis_task_kitti.py] Epoch finished, average losses: 
[2021-11-01 07:06:30,291 synthesis_task_kitti.py]     train_loss 0.000000 (0.000000)
[2021-11-01 07:06:30,291 synthesis_task_kitti.py]     train_loss_rgb_src 0.000000 (0.000000)
[2021-11-01 07:06:30,291 synthesis_task_kitti.py]     train_loss_ssim_src 0.000000 (0.000000)
[2021-11-01 07:06:30,291 synthesis_task_kitti.py]     train_loss_rgb_tgt 0.000000 (0.000000)
[2021-11-01 07:06:30,291 synthesis_task_kitti.py]     train_loss_ssim_tgt 0.000000 (0.000000)
[2021-11-01 07:06:30,291 synthesis_task_kitti.py]     train_lpips_tgt 0.000000 (0.000000)
[2021-11-01 07:06:30,291 synthesis_task_kitti.py]     train_psnr_tgt 0.000000 (0.000000)
[2021-11-01 07:06:30,292 synthesis_task_kitti.py] Epoch finished, average losses: 
[2021-11-01 07:06:30,292 synthesis_task_kitti.py]     train_loss 0.000000 (0.000000)
[2021-11-01 07:06:30,292 synthesis_task_kitti.py]     train_loss_rgb_src 0.000000 (0.000000)
[2021-11-01 07:06:30,292 synthesis_task_kitti.py]     train_loss_ssim_src 0.000000 (0.000000)
[2021-11-01 07:06:30,293 synthesis_task_kitti.py]     train_loss_rgb_tgt 0.000000 (0.000000)
[2021-11-01 07:06:30,293 synthesis_task_kitti.py]     train_loss_ssim_tgt 0.000000 (0.000000)
[2021-11-01 07:06:30,293 synthesis_task_kitti.py]     train_lpips_tgt 0.000000 (0.000000)
[2021-11-01 07:06:30,293 synthesis_task_kitti.py]     train_psnr_tgt 0.000000 (0.000000)
[2021-11-01 07:06:30,294 synthesis_task_kitti.py] Epoch finished, average losses: 
[2021-11-01 07:06:30,294 synthesis_task_kitti.py]     train_loss 0.000000 (0.000000)
[2021-11-01 07:06:30,294 synthesis_task_kitti.py]     train_loss_rgb_src 0.000000 (0.000000)
[2021-11-01 07:06:30,294 synthesis_task_kitti.py]     train_loss_ssim_src 0.000000 (0.000000)
[2021-11-01 07:06:30,294 synthesis_task_kitti.py]     train_loss_rgb_tgt 0.000000 (0.000000)
[2021-11-01 07:06:30,294 synthesis_task_kitti.py]     train_loss_ssim_tgt 0.000000 (0.000000)
[2021-11-01 07:06:30,295 synthesis_task_kitti.py]     train_lpips_tgt 0.000000 (0.000000)
[2021-11-01 07:06:30,295 synthesis_task_kitti.py]     train_psnr_tgt 0.000000 (0.000000)
[2021-11-01 07:06:30,296 synthesis_task_kitti.py] Epoch finished, average losses: 
[2021-11-01 07:06:30,296 synthesis_task_kitti.py]     train_loss 0.000000 (0.000000)
[2021-11-01 07:06:30,296 synthesis_task_kitti.py]     train_loss_rgb_src 0.000000 (0.000000)
[2021-11-01 07:06:30,296 synthesis_task_kitti.py]     train_loss_ssim_src 0.000000 (0.000000)
[2021-11-01 07:06:30,296 synthesis_task_kitti.py]     train_loss_rgb_tgt 0.000000 (0.000000)
[2021-11-01 07:06:30,296 synthesis_task_kitti.py]     train_loss_ssim_tgt 0.000000 (0.000000)
[2021-11-01 07:06:30,296 synthesis_task_kitti.py]     train_lpips_tgt 0.000000 (0.000000)
[2021-11-01 07:06:30,297 synthesis_task_kitti.py]     train_psnr_tgt 0.000000 (0.000000)
[2021-11-01 07:06:30,298 synthesis_task_kitti.py] Epoch finished, average losses: 
[2021-11-01 07:06:30,298 synthesis_task_kitti.py]     train_loss 0.000000 (0.000000)
[2021-11-01 07:06:30,298 synthesis_task_kitti.py]     train_loss_rgb_src 0.000000 (0.000000)
[2021-11-01 07:06:30,298 synthesis_task_kitti.py]     train_loss_ssim_src 0.000000 (0.000000)
[2021-11-01 07:06:30,298 synthesis_task_kitti.py]     train_loss_rgb_tgt 0.000000 (0.000000)
[2021-11-01 07:06:30,298 synthesis_task_kitti.py]     train_loss_ssim_tgt 0.000000 (0.000000)
[2021-11-01 07:06:30,298 synthesis_task_kitti.py]     train_lpips_tgt 0.000000 (0.000000)
[2021-11-01 07:06:30,298 synthesis_task_kitti.py]     train_psnr_tgt 0.000000 (0.000000)
[2021-11-01 07:06:30,300 synthesis_task_kitti.py] Epoch finished, average losses: 
[2021-11-01 07:06:30,300 synthesis_task_kitti.py]     train_loss 0.000000 (0.000000)
[2021-11-01 07:06:30,300 synthesis_task_kitti.py]     train_loss_rgb_src 0.000000 (0.000000)
[2021-11-01 07:06:30,300 synthesis_task_kitti.py]     train_loss_ssim_src 0.000000 (0.000000)
[2021-11-01 07:06:30,300 synthesis_task_kitti.py]     train_loss_rgb_tgt 0.000000 (0.000000)
[2021-11-01 07:06:30,300 synthesis_task_kitti.py]     train_loss_ssim_tgt 0.000000 (0.000000)
[2021-11-01 07:06:30,300 synthesis_task_kitti.py]     train_lpips_tgt 0.000000 (0.000000)
[2021-11-01 07:06:30,300 synthesis_task_kitti.py]     train_psnr_tgt 0.000000 (0.000000)
[2021-11-01 07:06:30,301 synthesis_task_kitti.py] Epoch finished, average losses: 
[2021-11-01 07:06:30,302 synthesis_task_kitti.py]     train_loss 0.000000 (0.000000)
[2021-11-01 07:06:30,302 synthesis_task_kitti.py]     train_loss_rgb_src 0.000000 (0.000000)
[2021-11-01 07:06:30,302 synthesis_task_kitti.py]     train_loss_ssim_src 0.000000 (0.000000)
[2021-11-01 07:06:30,302 synthesis_task_kitti.py]     train_loss_rgb_tgt 0.000000 (0.000000)
[2021-11-01 07:06:30,302 synthesis_task_kitti.py]     train_loss_ssim_tgt 0.000000 (0.000000)
[2021-11-01 07:06:30,302 synthesis_task_kitti.py]     train_lpips_tgt 0.000000 (0.000000)
[2021-11-01 07:06:30,302 synthesis_task_kitti.py]     train_psnr_tgt 0.000000 (0.000000)
[2021-11-01 07:06:30,303 synthesis_task_kitti.py] Epoch finished, average losses: 
[2021-11-01 07:06:30,303 synthesis_task_kitti.py]     train_loss 0.000000 (0.000000)
[2021-11-01 07:06:30,303 synthesis_task_kitti.py]     train_loss_rgb_src 0.000000 (0.000000)
[2021-11-01 07:06:30,304 synthesis_task_kitti.py]     train_loss_ssim_src 0.000000 (0.000000)
[2021-11-01 07:06:30,304 synthesis_task_kitti.py]     train_loss_rgb_tgt 0.000000 (0.000000)
[2021-11-01 07:06:30,304 synthesis_task_kitti.py]     train_loss_ssim_tgt 0.000000 (0.000000)
[2021-11-01 07:06:30,304 synthesis_task_kitti.py]     train_lpips_tgt 0.000000 (0.000000)
[2021-11-01 07:06:30,304 synthesis_task_kitti.py]     train_psnr_tgt 0.000000 (0.000000)
[2021-11-01 07:06:30,305 synthesis_task_kitti.py] Epoch finished, average losses: 
[2021-11-01 07:06:30,305 synthesis_task_kitti.py]     train_loss 0.000000 (0.000000)
[2021-11-01 07:06:30,305 synthesis_task_kitti.py]     train_loss_rgb_src 0.000000 (0.000000)
[2021-11-01 07:06:30,305 synthesis_task_kitti.py]     train_loss_ssim_src 0.000000 (0.000000)
[2021-11-01 07:06:30,305 synthesis_task_kitti.py]     train_loss_rgb_tgt 0.000000 (0.000000)
[2021-11-01 07:06:30,306 synthesis_task_kitti.py]     train_loss_ssim_tgt 0.000000 (0.000000)
[2021-11-01 07:06:30,306 synthesis_task_kitti.py]     train_lpips_tgt 0.000000 (0.000000)
[2021-11-01 07:06:30,306 synthesis_task_kitti.py]     train_psnr_tgt 0.000000 (0.000000)
[2021-11-01 07:06:30,307 synthesis_task_kitti.py] Epoch finished, average losses: 
[2021-11-01 07:06:30,307 synthesis_task_kitti.py]     train_loss 0.000000 (0.000000)
[2021-11-01 07:06:30,307 synthesis_task_kitti.py]     train_loss_rgb_src 0.000000 (0.000000)
[2021-11-01 07:06:30,307 synthesis_task_kitti.py]     train_loss_ssim_src 0.000000 (0.000000)
[2021-11-01 07:06:30,307 synthesis_task_kitti.py]     train_loss_rgb_tgt 0.000000 (0.000000)
[2021-11-01 07:06:30,307 synthesis_task_kitti.py]     train_loss_ssim_tgt 0.000000 (0.000000)
[2021-11-01 07:06:30,307 synthesis_task_kitti.py]     train_lpips_tgt 0.000000 (0.000000)
[2021-11-01 07:06:30,308 synthesis_task_kitti.py]     train_psnr_tgt 0.000000 (0.000000)
