Mon Nov  1 14:19:53 2021       
+-----------------------------------------------------------------------------+
| NVIDIA-SMI 470.57.02    Driver Version: 470.57.02    CUDA Version: 11.4     |
|-------------------------------+----------------------+----------------------+
| GPU  Name        Persistence-M| Bus-Id        Disp.A | Volatile Uncorr. ECC |
| Fan  Temp  Perf  Pwr:Usage/Cap|         Memory-Usage | GPU-Util  Compute M. |
|                               |                      |               MIG M. |
|===============================+======================+======================|
|   0  Tesla V100-SXM2...  On   | 00000000:86:00.0 Off |                    0 |
| N/A   30C    P0    41W / 300W |      0MiB / 32510MiB |      0%      Default |
|                               |                      |                  N/A |
+-------------------------------+----------------------+----------------------+
                                                                               
+-----------------------------------------------------------------------------+
| Processes:                                                                  |
|  GPU   GI   CI        PID   Type   Process name                  GPU Memory |
|        ID   ID                                                   Usage      |
|=============================================================================|
|  No running processes found                                                 |
+-----------------------------------------------------------------------------+
Master address: localhost
Master port: 1234
Number of nodes: 1
Number of GPUs per node: 1
Node rank: 0
Workspace: /project/def-karray/yafathi/MINE/
Dataset: kitti_raw
Version: debug
Extra config: {"training.gpus": "0"}
default params: ./configs/params_kitti_raw.yaml
Dumping extra config file...
[2021-11-01 14:20:34,273 train.py] Training config: {'data.img_h': 128, 'data.img_w': 384, 'data.name': 'kitti_raw', 'data.num_seq_per_gpu': 4, 'data.per_gpu_batch_size': 4, 'data.num_tgt_views': 1, 'data.training_set_path': 'kitti_raw_data', 'data.val_set_path': 'kitti_raw_data', 'data.num_workers': 4, 'lr.backbone_lr': 0.001, 'lr.decay_gamma': 0.1, 'lr.decay_steps': [40, 80, 100], 'lr.decoder_lr': 0.001, 'lr.weight_decay': 4e-05, 'model.backbone_normalization': True, 'model.decoder_normalization': True, 'model.pos_encoding_multires': 10, 'model.imagenet_pretrained': True, 'mpi.disparity_end': 0.001, 'mpi.disparity_start': 0.2, 'mpi.is_bg_depth_inf': False, 'mpi.num_bins_coarse': 32, 'mpi.num_bins_fine': 0, 'mpi.valid_mask_threshold': 2, 'mpi.fix_disparity': False, 'mpi.use_alpha': False, 'loss.smoothness_lambda_v1': 0.0, 'loss.smoothness_gmin': 2.0, 'loss.smoothness_grad_ratio': 0.1, 'loss.smoothness_lambda_v2': 0.01, 'training.epochs': 120, 'training.eval_interval': 2000, 'training.fine_tune': False, 'training.gpus': [0], 'training.pretrained_checkpoint_path': None, 'training.sample_interval': 30, 'training.src_rgb_blending': True, 'training.use_multi_scale': True, 'testing.frames_apart': 'random', 'current_epoch': 0, 'global_rank': 0, 'local_workspace': '/project/def-karray/yafathi/MINE/debug', 'local_rank': 0, 'world_size': 1, 'log_file': '/project/def-karray/yafathi/MINE/debug/training.log'}
/project/6006191/yafathi/MINE_ENV/lib/python3.8/site-packages/torchvision/transforms/transforms.py:257: UserWarning: Argument interpolation should be of type InterpolationMode instead of int. Please, use InterpolationMode enum.
  warnings.warn(
[2021-11-01 14:20:34,891 nerf_dataset.py] Dataset root: kitti_raw_data, is_validation: False, number of images: 5989
[2021-11-01 14:20:34,979 nerf_dataset.py] Dataset root: kitti_raw_data, is_validation: True, number of images: 1242
num_ch_enc= [  64  256  512 1024 2048]
upconv_4_0 2069 256
upconv_4_1 1301 256
upconv_3_0 256 128
upconv_3_1 661 128
upconv_2_0 128 64
upconv_2_1 341 64
upconv_1_0 64 32
upconv_1_1 117 32
upconv_0_0 32 16
upconv_0_1 16 16
Setting up [LPIPS] perceptual loss: trunk [vgg], v[0.1], spatial [off]
Loading model from: /project/6006191/yafathi/MINE_ENV/lib/python3.8/site-packages/lpips/weights/v0.1/vgg.pth
[2021-11-01 14:20:38,600 utils.py] Not using pre-trained model...
[W reducer.cpp:1050] Warning: find_unused_parameters=True was specified in DDP constructor, but did not find any unused parameters. This flag results in an extra traversal of the autograd graph every iteration, which can adversely affect performance. If your model indeed never has any unused parameters, consider turning this flag off. Note that this warning may be a false positive your model has flow control causing later iterations to have unused parameters. (function operator())
[2021-11-01 14:20:54,157 synthesis_task_kitti.py] epoch [001] step [10/1497] global_step = 10 total_loss = 3.1799 encoder_lr = 0.0010000
        src: rgb = 0.1245
        src: ssim = 0.2586
        src: smooth = 0.0291
        tgt: rgb = 0.0031
        tgt: ssim = 0.7739
        tgt: smooth = 0.0000

[2021-11-01 14:21:02,794 synthesis_task_kitti.py] epoch [001] step [20/1497] global_step = 20 total_loss = 2.9889 encoder_lr = 0.0010000
        src: rgb = 0.1567
        src: ssim = 0.3336
        src: smooth = 0.0357
        tgt: rgb = 0.0000
        tgt: ssim = 0.6923
        tgt: smooth = 0.0000

[2021-11-01 14:21:10,639 synthesis_task_kitti.py] epoch [001] step [30/1497] global_step = 30 total_loss = 3.3239 encoder_lr = 0.0010000
        src: rgb = 0.1626
        src: ssim = 0.3472
        src: smooth = 0.0268
        tgt: rgb = 0.0000
        tgt: ssim = 0.7939
        tgt: smooth = 0.0000

[2021-11-01 14:21:18,913 synthesis_task_kitti.py] epoch [001] step [40/1497] global_step = 40 total_loss = 2.8281 encoder_lr = 0.0010000
        src: rgb = 0.1509
        src: ssim = 0.3466
        src: smooth = 0.0211
        tgt: rgb = 0.0051
        tgt: ssim = 0.6969
        tgt: smooth = 0.0000

[2021-11-01 14:21:27,238 synthesis_task_kitti.py] epoch [001] step [50/1497] global_step = 50 total_loss = 2.9186 encoder_lr = 0.0010000
        src: rgb = 0.1455
        src: ssim = 0.3239
        src: smooth = 0.0195
        tgt: rgb = 0.0000
        tgt: ssim = 0.6882
        tgt: smooth = 0.0000

[2021-11-01 14:21:35,926 synthesis_task_kitti.py] epoch [001] step [60/1497] global_step = 60 total_loss = 3.0756 encoder_lr = 0.0010000
        src: rgb = 0.1632
        src: ssim = 0.4053
        src: smooth = 0.0228
        tgt: rgb = 0.0000
        tgt: ssim = 0.7696
        tgt: smooth = 0.0000

[2021-11-01 14:21:45,151 synthesis_task_kitti.py] epoch [001] step [70/1497] global_step = 70 total_loss = 2.8641 encoder_lr = 0.0010000
        src: rgb = 0.1415
        src: ssim = 0.3481
        src: smooth = 0.0155
        tgt: rgb = 0.0000
        tgt: ssim = 0.6987
        tgt: smooth = 0.0000

[2021-11-01 14:21:53,021 synthesis_task_kitti.py] epoch [001] step [80/1497] global_step = 80 total_loss = 2.9095 encoder_lr = 0.0010000
        src: rgb = 0.1408
        src: ssim = 0.3294
        src: smooth = 0.0187
        tgt: rgb = 0.0022
        tgt: ssim = 0.7280
        tgt: smooth = 0.0000

[2021-11-01 14:22:01,004 synthesis_task_kitti.py] epoch [001] step [90/1497] global_step = 90 total_loss = 3.0735 encoder_lr = 0.0010000
        src: rgb = 0.1241
        src: ssim = 0.2999
        src: smooth = 0.0167
        tgt: rgb = 0.0055
        tgt: ssim = 0.7177
        tgt: smooth = 0.0000

[2021-11-01 14:22:08,974 synthesis_task_kitti.py] epoch [001] step [100/1497] global_step = 100 total_loss = 2.7275 encoder_lr = 0.0010000
        src: rgb = 0.1290
        src: ssim = 0.3689
        src: smooth = 0.0280
        tgt: rgb = 0.0000
        tgt: ssim = 0.6941
        tgt: smooth = 0.0000

[2021-11-01 14:22:17,532 synthesis_task_kitti.py] epoch [001] step [110/1497] global_step = 110 total_loss = 2.8837 encoder_lr = 0.0010000
        src: rgb = 0.1413
        src: ssim = 0.3321
        src: smooth = 0.0172
        tgt: rgb = 0.0000
        tgt: ssim = 0.6687
        tgt: smooth = 0.0000

[2021-11-01 14:22:25,250 synthesis_task_kitti.py] epoch [001] step [120/1497] global_step = 120 total_loss = 2.9256 encoder_lr = 0.0010000
        src: rgb = 0.1248
        src: ssim = 0.3172
        src: smooth = 0.0170
        tgt: rgb = 0.0031
        tgt: ssim = 0.6968
        tgt: smooth = 0.0000

[2021-11-01 14:22:33,525 synthesis_task_kitti.py] epoch [001] step [130/1497] global_step = 130 total_loss = 2.8571 encoder_lr = 0.0010000
        src: rgb = 0.1339
        src: ssim = 0.3128
        src: smooth = 0.0193
        tgt: rgb = 0.0000
        tgt: ssim = 0.7053
        tgt: smooth = 0.0000

[2021-11-01 14:22:42,002 synthesis_task_kitti.py] epoch [001] step [140/1497] global_step = 140 total_loss = 2.9882 encoder_lr = 0.0010000
        src: rgb = 0.1415
        src: ssim = 0.3102
        src: smooth = 0.0154
        tgt: rgb = 0.0000
        tgt: ssim = 0.7140
        tgt: smooth = 0.0000

[2021-11-01 14:22:49,908 synthesis_task_kitti.py] epoch [001] step [150/1497] global_step = 150 total_loss = 2.8622 encoder_lr = 0.0010000
        src: rgb = 0.1410
        src: ssim = 0.3303
        src: smooth = 0.0114
        tgt: rgb = 0.0013
        tgt: ssim = 0.7036
        tgt: smooth = 0.0000

[2021-11-01 14:22:58,180 synthesis_task_kitti.py] epoch [001] step [160/1497] global_step = 160 total_loss = 3.0226 encoder_lr = 0.0010000
        src: rgb = 0.1582
        src: ssim = 0.3877
        src: smooth = 0.0116
        tgt: rgb = 0.0000
        tgt: ssim = 0.7446
        tgt: smooth = 0.0000

[2021-11-01 14:23:06,170 synthesis_task_kitti.py] epoch [001] step [170/1497] global_step = 170 total_loss = 3.1207 encoder_lr = 0.0010000
        src: rgb = 0.1671
        src: ssim = 0.3978
        src: smooth = 0.0231
        tgt: rgb = 0.0000
        tgt: ssim = 0.7615
        tgt: smooth = 0.0000

[2021-11-01 14:23:14,418 synthesis_task_kitti.py] epoch [001] step [180/1497] global_step = 180 total_loss = 2.9670 encoder_lr = 0.0010000
        src: rgb = 0.1595
        src: ssim = 0.3805
        src: smooth = 0.0120
        tgt: rgb = 0.0000
        tgt: ssim = 0.7440
        tgt: smooth = 0.0000

[2021-11-01 14:23:21,996 synthesis_task_kitti.py] epoch [001] step [190/1497] global_step = 190 total_loss = 2.9623 encoder_lr = 0.0010000
        src: rgb = 0.1510
        src: ssim = 0.3548
        src: smooth = 0.0212
        tgt: rgb = 0.0000
        tgt: ssim = 0.7141
        tgt: smooth = 0.0000

[2021-11-01 14:23:30,027 synthesis_task_kitti.py] epoch [001] step [200/1497] global_step = 200 total_loss = 3.0929 encoder_lr = 0.0010000
        src: rgb = 0.1432
        src: ssim = 0.3298
        src: smooth = 0.0167
        tgt: rgb = 0.0031
        tgt: ssim = 0.7160
        tgt: smooth = 0.0000

[2021-11-01 14:23:37,759 synthesis_task_kitti.py] epoch [001] step [210/1497] global_step = 210 total_loss = 2.9239 encoder_lr = 0.0010000
        src: rgb = 0.1444
        src: ssim = 0.3731
        src: smooth = 0.0162
        tgt: rgb = 0.0000
        tgt: ssim = 0.7049
        tgt: smooth = 0.0000

[2021-11-01 14:23:45,400 synthesis_task_kitti.py] epoch [001] step [220/1497] global_step = 220 total_loss = 2.8593 encoder_lr = 0.0010000
        src: rgb = 0.1390
        src: ssim = 0.3308
        src: smooth = 0.0303
        tgt: rgb = 0.0000
        tgt: ssim = 0.6857
        tgt: smooth = 0.0000

[2021-11-01 14:23:53,475 synthesis_task_kitti.py] epoch [001] step [230/1497] global_step = 230 total_loss = 2.9019 encoder_lr = 0.0010000
        src: rgb = 0.1385
        src: ssim = 0.3408
        src: smooth = 0.0132
        tgt: rgb = 0.0014
        tgt: ssim = 0.7234
        tgt: smooth = 0.0000

[2021-11-01 14:24:01,971 synthesis_task_kitti.py] epoch [001] step [240/1497] global_step = 240 total_loss = 3.1196 encoder_lr = 0.0010000
        src: rgb = 0.1351
        src: ssim = 0.3413
        src: smooth = 0.0140
        tgt: rgb = 0.0000
        tgt: ssim = 0.7419
        tgt: smooth = 0.0000

[2021-11-01 14:24:10,789 synthesis_task_kitti.py] epoch [001] step [250/1497] global_step = 250 total_loss = 2.6862 encoder_lr = 0.0010000
        src: rgb = 0.1360
        src: ssim = 0.3320
        src: smooth = 0.0294
        tgt: rgb = 0.0012
        tgt: ssim = 0.6707
        tgt: smooth = 0.0000

[2021-11-01 14:24:19,313 synthesis_task_kitti.py] epoch [001] step [260/1497] global_step = 260 total_loss = 2.7898 encoder_lr = 0.0010000
        src: rgb = 0.1239
        src: ssim = 0.3258
        src: smooth = 0.0135
        tgt: rgb = 0.0000
        tgt: ssim = 0.7219
        tgt: smooth = 0.0000

[2021-11-01 14:24:27,917 synthesis_task_kitti.py] epoch [001] step [270/1497] global_step = 270 total_loss = 2.9464 encoder_lr = 0.0010000
        src: rgb = 0.1499
        src: ssim = 0.3904
        src: smooth = 0.0116
        tgt: rgb = 0.0000
        tgt: ssim = 0.7230
        tgt: smooth = 0.0000

[2021-11-01 14:24:36,116 synthesis_task_kitti.py] epoch [001] step [280/1497] global_step = 280 total_loss = 3.2181 encoder_lr = 0.0010000
        src: rgb = 0.1463
        src: ssim = 0.3314
        src: smooth = 0.0154
        tgt: rgb = 0.0015
        tgt: ssim = 0.7750
        tgt: smooth = 0.0000

[2021-11-01 14:24:44,534 synthesis_task_kitti.py] epoch [001] step [290/1497] global_step = 290 total_loss = 3.0460 encoder_lr = 0.0010000
        src: rgb = 0.1495
        src: ssim = 0.3534
        src: smooth = 0.0148
        tgt: rgb = 0.0009
        tgt: ssim = 0.7464
        tgt: smooth = 0.0000

[2021-11-01 14:24:52,047 synthesis_task_kitti.py] epoch [001] step [300/1497] global_step = 300 total_loss = 3.0096 encoder_lr = 0.0010000
        src: rgb = 0.1392
        src: ssim = 0.3209
        src: smooth = 0.0155
        tgt: rgb = 0.0000
        tgt: ssim = 0.7247
        tgt: smooth = 0.0000

[2021-11-01 14:24:59,899 synthesis_task_kitti.py] epoch [001] step [310/1497] global_step = 310 total_loss = 2.8963 encoder_lr = 0.0010000
        src: rgb = 0.1496
        src: ssim = 0.3699
        src: smooth = 0.0210
        tgt: rgb = 0.0005
        tgt: ssim = 0.7444
        tgt: smooth = 0.0000

[2021-11-01 14:25:07,828 synthesis_task_kitti.py] epoch [001] step [320/1497] global_step = 320 total_loss = 2.9075 encoder_lr = 0.0010000
        src: rgb = 0.1299
        src: ssim = 0.3464
        src: smooth = 0.0179
        tgt: rgb = 0.0000
        tgt: ssim = 0.6969
        tgt: smooth = 0.0000

[2021-11-01 14:25:16,063 synthesis_task_kitti.py] epoch [001] step [330/1497] global_step = 330 total_loss = 2.9222 encoder_lr = 0.0010000
        src: rgb = 0.1480
        src: ssim = 0.3826
        src: smooth = 0.0204
        tgt: rgb = 0.0049
        tgt: ssim = 0.7197
        tgt: smooth = 0.0000

slurmstepd: error: *** JOB 18190404 ON cdr2596 CANCELLED AT 2021-11-01T14:25:16 DUE TO TIME LIMIT ***
