Mon Nov  1 13:00:25 2021       
+-----------------------------------------------------------------------------+
| NVIDIA-SMI 470.57.02    Driver Version: 470.57.02    CUDA Version: 11.4     |
|-------------------------------+----------------------+----------------------+
| GPU  Name        Persistence-M| Bus-Id        Disp.A | Volatile Uncorr. ECC |
| Fan  Temp  Perf  Pwr:Usage/Cap|         Memory-Usage | GPU-Util  Compute M. |
|                               |                      |               MIG M. |
|===============================+======================+======================|
|   0  Tesla V100-SXM2...  On   | 00000000:18:00.0 Off |                    0 |
| N/A   35C    P0    44W / 300W |      0MiB / 32510MiB |      0%      Default |
|                               |                      |                  N/A |
+-------------------------------+----------------------+----------------------+
                                                                               
+-----------------------------------------------------------------------------+
| Processes:                                                                  |
|  GPU   GI   CI        PID   Type   Process name                  GPU Memory |
|        ID   ID                                                   Usage      |
|=============================================================================|
|  No running processes found                                                 |
+-----------------------------------------------------------------------------+
Master address: localhost
Master port: 1234
Number of nodes: 1
Number of GPUs per node: 1
Node rank: 0
Workspace: /project/def-karray/yafathi/MINE/
Dataset: kitti_raw
Version: debug
Extra config: {"training.gpus": "0"}
default params: ./configs/params_kitti_raw.yaml
Dumping extra config file...
[2021-11-01 13:01:09,081 train.py] Training config: {'data.img_h': 128, 'data.img_w': 384, 'data.name': 'kitti_raw', 'data.num_seq_per_gpu': 4, 'data.per_gpu_batch_size': 4, 'data.num_tgt_views': 1, 'data.training_set_path': 'kitti_raw_data', 'data.val_set_path': 'kitti_raw_data', 'data.num_workers': 4, 'lr.backbone_lr': 0.001, 'lr.decay_gamma': 0.1, 'lr.decay_steps': [40, 80, 100], 'lr.decoder_lr': 0.001, 'lr.weight_decay': 4e-05, 'model.backbone_normalization': True, 'model.decoder_normalization': True, 'model.pos_encoding_multires': 10, 'model.imagenet_pretrained': True, 'mpi.disparity_end': 0.001, 'mpi.disparity_start': 0.2, 'mpi.is_bg_depth_inf': False, 'mpi.num_bins_coarse': 32, 'mpi.num_bins_fine': 0, 'mpi.valid_mask_threshold': 2, 'mpi.fix_disparity': False, 'mpi.use_alpha': False, 'loss.smoothness_lambda_v1': 0.0, 'loss.smoothness_gmin': 2.0, 'loss.smoothness_grad_ratio': 0.1, 'loss.smoothness_lambda_v2': 0.01, 'training.epochs': 120, 'training.eval_interval': 2000, 'training.fine_tune': False, 'training.gpus': [0], 'training.pretrained_checkpoint_path': None, 'training.sample_interval': 30, 'training.src_rgb_blending': True, 'training.use_multi_scale': True, 'testing.frames_apart': 'random', 'current_epoch': 0, 'global_rank': 0, 'local_workspace': '/project/def-karray/yafathi/MINE/debug', 'local_rank': 0, 'world_size': 1, 'log_file': '/project/def-karray/yafathi/MINE/debug/training.log'}
/project/6006191/yafathi/MINE_ENV/lib/python3.8/site-packages/torchvision/transforms/transforms.py:257: UserWarning: Argument interpolation should be of type InterpolationMode instead of int. Please, use InterpolationMode enum.
  warnings.warn(
[2021-11-01 13:01:09,447 nerf_dataset.py] Dataset root: kitti_raw_data, is_validation: False, number of images: 5989
[2021-11-01 13:01:09,501 nerf_dataset.py] Dataset root: kitti_raw_data, is_validation: True, number of images: 1242
num_ch_enc= [  64  256  512 1024 2048]
upconv_4_0 2069 256
upconv_4_1 1301 256
upconv_3_0 256 128
upconv_3_1 661 128
upconv_2_0 128 64
upconv_2_1 341 64
upconv_1_0 64 32
upconv_1_1 117 32
upconv_0_0 32 16
upconv_0_1 16 16
Setting up [LPIPS] perceptual loss: trunk [vgg], v[0.1], spatial [off]
Loading model from: /project/6006191/yafathi/MINE_ENV/lib/python3.8/site-packages/lpips/weights/v0.1/vgg.pth
[2021-11-01 13:01:13,124 utils.py] Not using pre-trained model...
[W reducer.cpp:1050] Warning: find_unused_parameters=True was specified in DDP constructor, but did not find any unused parameters. This flag results in an extra traversal of the autograd graph every iteration, which can adversely affect performance. If your model indeed never has any unused parameters, consider turning this flag off. Note that this warning may be a false positive your model has flow control causing later iterations to have unused parameters. (function operator())
[2021-11-01 13:01:30,022 synthesis_task_kitti.py] epoch [001] step [10/1497] global_step = 10 total_loss = 3.1082 encoder_lr = 0.0010000
        src: rgb = 0.1190
        src: ssim = 0.2257
        src: smooth = 0.0247
        tgt: rgb = 0.0008
        tgt: ssim = 0.7574
        tgt: smooth = 0.0000

[2021-11-01 13:01:39,688 synthesis_task_kitti.py] epoch [001] step [20/1497] global_step = 20 total_loss = 2.9654 encoder_lr = 0.0010000
        src: rgb = 0.1118
        src: ssim = 0.2368
        src: smooth = 0.0303
        tgt: rgb = 0.0000
        tgt: ssim = 0.6848
        tgt: smooth = 0.0000

[2021-11-01 13:01:49,461 synthesis_task_kitti.py] epoch [001] step [30/1497] global_step = 30 total_loss = 3.2740 encoder_lr = 0.0010000
        src: rgb = 0.1402
        src: ssim = 0.3190
        src: smooth = 0.0294
        tgt: rgb = 0.0023
        tgt: ssim = 0.7887
        tgt: smooth = 0.0000

[2021-11-01 13:01:58,647 synthesis_task_kitti.py] epoch [001] step [40/1497] global_step = 40 total_loss = 2.7999 encoder_lr = 0.0010000
        src: rgb = 0.1182
        src: ssim = 0.2713
        src: smooth = 0.0213
        tgt: rgb = 0.0000
        tgt: ssim = 0.6938
        tgt: smooth = 0.0000

[2021-11-01 13:02:07,231 synthesis_task_kitti.py] epoch [001] step [50/1497] global_step = 50 total_loss = 2.8664 encoder_lr = 0.0010000
        src: rgb = 0.1315
        src: ssim = 0.3055
        src: smooth = 0.0208
        tgt: rgb = 0.0000
        tgt: ssim = 0.6752
        tgt: smooth = 0.0000

[2021-11-01 13:02:16,750 synthesis_task_kitti.py] epoch [001] step [60/1497] global_step = 60 total_loss = 2.9917 encoder_lr = 0.0010000
        src: rgb = 0.1344
        src: ssim = 0.3156
        src: smooth = 0.0280
        tgt: rgb = 0.0017
        tgt: ssim = 0.7503
        tgt: smooth = 0.0000

[2021-11-01 13:02:25,428 synthesis_task_kitti.py] epoch [001] step [70/1497] global_step = 70 total_loss = 2.8596 encoder_lr = 0.0010000
        src: rgb = 0.1065
        src: ssim = 0.2774
        src: smooth = 0.0251
        tgt: rgb = 0.0008
        tgt: ssim = 0.6980
        tgt: smooth = 0.0000

[2021-11-01 13:02:34,354 synthesis_task_kitti.py] epoch [001] step [80/1497] global_step = 80 total_loss = 2.9108 encoder_lr = 0.0010000
        src: rgb = 0.1386
        src: ssim = 0.3247
        src: smooth = 0.0222
        tgt: rgb = 0.0064
        tgt: ssim = 0.7174
        tgt: smooth = 0.0000

[2021-11-01 13:02:43,327 synthesis_task_kitti.py] epoch [001] step [90/1497] global_step = 90 total_loss = 2.9983 encoder_lr = 0.0010000
        src: rgb = 0.1433
        src: ssim = 0.3150
        src: smooth = 0.0260
        tgt: rgb = 0.0000
        tgt: ssim = 0.6992
        tgt: smooth = 0.0000

[2021-11-01 13:02:52,431 synthesis_task_kitti.py] epoch [001] step [100/1497] global_step = 100 total_loss = 2.6745 encoder_lr = 0.0010000
        src: rgb = 0.1243
        src: ssim = 0.3241
        src: smooth = 0.0265
        tgt: rgb = 0.0000
        tgt: ssim = 0.6871
        tgt: smooth = 0.0000

[2021-11-01 13:03:01,180 synthesis_task_kitti.py] epoch [001] step [110/1497] global_step = 110 total_loss = 2.8644 encoder_lr = 0.0010000
        src: rgb = 0.1405
        src: ssim = 0.3372
        src: smooth = 0.0219
        tgt: rgb = 0.0000
        tgt: ssim = 0.6634
        tgt: smooth = 0.0000

[2021-11-01 13:03:09,809 synthesis_task_kitti.py] epoch [001] step [120/1497] global_step = 120 total_loss = 2.9385 encoder_lr = 0.0010000
        src: rgb = 0.1312
        src: ssim = 0.2990
        src: smooth = 0.0200
        tgt: rgb = 0.0020
        tgt: ssim = 0.6814
        tgt: smooth = 0.0000

[2021-11-01 13:03:19,206 synthesis_task_kitti.py] epoch [001] step [130/1497] global_step = 130 total_loss = 2.8277 encoder_lr = 0.0010000
        src: rgb = 0.1384
        src: ssim = 0.3245
        src: smooth = 0.0211
        tgt: rgb = 0.0000
        tgt: ssim = 0.6956
        tgt: smooth = 0.0000

[2021-11-01 13:03:28,772 synthesis_task_kitti.py] epoch [001] step [140/1497] global_step = 140 total_loss = 2.9772 encoder_lr = 0.0010000
        src: rgb = 0.1408
        src: ssim = 0.2964
        src: smooth = 0.0266
        tgt: rgb = 0.0000
        tgt: ssim = 0.7131
        tgt: smooth = 0.0000

[2021-11-01 13:03:37,363 synthesis_task_kitti.py] epoch [001] step [150/1497] global_step = 150 total_loss = 2.8520 encoder_lr = 0.0010000
        src: rgb = 0.1499
        src: ssim = 0.3366
        src: smooth = 0.0226
        tgt: rgb = 0.0000
        tgt: ssim = 0.7081
        tgt: smooth = 0.0000

[2021-11-01 13:03:45,663 synthesis_task_kitti.py] epoch [001] step [160/1497] global_step = 160 total_loss = 2.9637 encoder_lr = 0.0010000
        src: rgb = 0.1342
        src: ssim = 0.3016
        src: smooth = 0.0123
        tgt: rgb = 0.0000
        tgt: ssim = 0.7348
        tgt: smooth = 0.0000

[2021-11-01 13:03:54,402 synthesis_task_kitti.py] epoch [001] step [170/1497] global_step = 170 total_loss = 3.0668 encoder_lr = 0.0010000
        src: rgb = 0.1438
        src: ssim = 0.3330
        src: smooth = 0.0140
        tgt: rgb = 0.0000
        tgt: ssim = 0.7519
        tgt: smooth = 0.0000

[2021-11-01 13:04:03,310 synthesis_task_kitti.py] epoch [001] step [180/1497] global_step = 180 total_loss = 2.9413 encoder_lr = 0.0010000
        src: rgb = 0.1511
        src: ssim = 0.3297
        src: smooth = 0.0128
        tgt: rgb = 0.0000
        tgt: ssim = 0.7340
        tgt: smooth = 0.0000

[2021-11-01 13:04:11,381 synthesis_task_kitti.py] epoch [001] step [190/1497] global_step = 190 total_loss = 2.9862 encoder_lr = 0.0010000
        src: rgb = 0.1350
        src: ssim = 0.3006
        src: smooth = 0.0182
        tgt: rgb = 0.0000
        tgt: ssim = 0.7154
        tgt: smooth = 0.0000

[2021-11-01 13:04:19,246 synthesis_task_kitti.py] epoch [001] step [200/1497] global_step = 200 total_loss = 3.0538 encoder_lr = 0.0010000
        src: rgb = 0.1247
        src: ssim = 0.3261
        src: smooth = 0.0152
        tgt: rgb = 0.0022
        tgt: ssim = 0.7009
        tgt: smooth = 0.0000

[2021-11-01 13:04:27,532 synthesis_task_kitti.py] epoch [001] step [210/1497] global_step = 210 total_loss = 2.8941 encoder_lr = 0.0010000
        src: rgb = 0.1479
        src: ssim = 0.3530
        src: smooth = 0.0197
        tgt: rgb = 0.0000
        tgt: ssim = 0.6984
        tgt: smooth = 0.0000

[2021-11-01 13:04:36,756 synthesis_task_kitti.py] epoch [001] step [220/1497] global_step = 220 total_loss = 2.7749 encoder_lr = 0.0010000
        src: rgb = 0.1279
        src: ssim = 0.2773
        src: smooth = 0.0178
        tgt: rgb = 0.0033
        tgt: ssim = 0.6719
        tgt: smooth = 0.0000

[2021-11-01 13:04:45,278 synthesis_task_kitti.py] epoch [001] step [230/1497] global_step = 230 total_loss = 2.8732 encoder_lr = 0.0010000
        src: rgb = 0.1439
        src: ssim = 0.3028
        src: smooth = 0.0188
        tgt: rgb = 0.0000
        tgt: ssim = 0.7199
        tgt: smooth = 0.0000

[2021-11-01 13:04:53,322 synthesis_task_kitti.py] epoch [001] step [240/1497] global_step = 240 total_loss = 3.0448 encoder_lr = 0.0010000
        src: rgb = 0.1355
        src: ssim = 0.3213
        src: smooth = 0.0216
        tgt: rgb = 0.0000
        tgt: ssim = 0.7218
        tgt: smooth = 0.0000

[2021-11-01 13:05:01,925 synthesis_task_kitti.py] epoch [001] step [250/1497] global_step = 250 total_loss = 2.6560 encoder_lr = 0.0010000
        src: rgb = 0.1202
        src: ssim = 0.3107
        src: smooth = 0.0215
        tgt: rgb = 0.0000
        tgt: ssim = 0.6562
        tgt: smooth = 0.0000

[2021-11-01 13:05:10,984 synthesis_task_kitti.py] epoch [001] step [260/1497] global_step = 260 total_loss = 2.7732 encoder_lr = 0.0010000
        src: rgb = 0.1393
        src: ssim = 0.3242
        src: smooth = 0.0255
        tgt: rgb = 0.0011
        tgt: ssim = 0.7169
        tgt: smooth = 0.0000

[2021-11-01 13:05:19,750 synthesis_task_kitti.py] epoch [001] step [270/1497] global_step = 270 total_loss = 3.0016 encoder_lr = 0.0010000
        src: rgb = 0.1486
        src: ssim = 0.3610
        src: smooth = 0.0199
        tgt: rgb = 0.0000
        tgt: ssim = 0.7281
        tgt: smooth = 0.0000

[2021-11-01 13:05:28,562 synthesis_task_kitti.py] epoch [001] step [280/1497] global_step = 280 total_loss = 3.1606 encoder_lr = 0.0010000
        src: rgb = 0.1424
        src: ssim = 0.3167
        src: smooth = 0.0172
        tgt: rgb = 0.0000
        tgt: ssim = 0.7649
        tgt: smooth = 0.0000

[2021-11-01 13:05:36,353 synthesis_task_kitti.py] epoch [001] step [290/1497] global_step = 290 total_loss = 2.9939 encoder_lr = 0.0010000
        src: rgb = 0.1288
        src: ssim = 0.3186
        src: smooth = 0.0139
        tgt: rgb = 0.0000
        tgt: ssim = 0.7349
        tgt: smooth = 0.0000

[2021-11-01 13:05:44,966 synthesis_task_kitti.py] epoch [001] step [300/1497] global_step = 300 total_loss = 2.9855 encoder_lr = 0.0010000
        src: rgb = 0.1446
        src: ssim = 0.3290
        src: smooth = 0.0172
        tgt: rgb = 0.0000
        tgt: ssim = 0.7205
        tgt: smooth = 0.0000

[2021-11-01 13:05:53,778 synthesis_task_kitti.py] epoch [001] step [310/1497] global_step = 310 total_loss = 2.8561 encoder_lr = 0.0010000
        src: rgb = 0.1435
        src: ssim = 0.3413
        src: smooth = 0.0163
        tgt: rgb = 0.0040
        tgt: ssim = 0.7242
        tgt: smooth = 0.0000

slurmstepd: error: *** JOB 18185938 ON cdr2623 CANCELLED AT 2021-11-01T13:05:59 DUE TO TIME LIMIT ***
